<?xml version="1.0" encoding="UTF-8"?>
<robot generator="Robot 7.4.2 (Python 3.14.3 on win32)" generated="2026-04-29T14:33:51.089616" rpa="false" schemaversion="5">
<suite id="s1" name="Attach Ue To Network &amp; Detach Ue From Network &amp; Ue Traffic &amp; Add Transport Channel &amp; Check Connected Bearers &amp; Delete Transport Channel &amp; Functionality 9">
<suite id="s1-s1" name="Attach Ue To Network" source="C:\Users\krlcz\Informatyka\SEM6\TO\testy\attach_ue_to_network.robot">
<kw name="Create Session" owner="RequestsLibrary" type="SETUP">
<msg time="2026-04-29T14:33:51.213310" level="INFO">Creating Session using : alias=epc_api, url=http://localhost:8000, headers={},                     cookies={}, auth=None, timeout=None, proxies=None, verify=False,                     debug=0 </msg>
<arg>epc_api</arg>
<arg>${BASE_URL}</arg>
<doc>Create Session: create a HTTP session to a server</doc>
<status status="PASS" start="2026-04-29T14:33:51.213171" elapsed="0.000265"/>
</kw>
<test id="s1-s1-t1" name="TC-1-001: Succeed when attaching UE with minimum valid ID" line="20">
<kw name="Reset EPC Simulator" type="SETUP">
<kw name="POST On Session" owner="RequestsLibrary">
<msg time="2026-04-29T14:33:51.239782" level="INFO">POST Request : url=http://localhost:8000/reset 
 path_url=/reset 
 headers={'User-Agent': 'python-requests/2.33.1', 'Accept-Encoding': 'gzip, deflate, zstd', 'Accept': '*/*', 'Connection': 'keep-alive', 'Content-Length': '0'} 
 body=None 
 </msg>
<msg time="2026-04-29T14:33:51.239901" level="INFO">POST Response : url=http://localhost:8000/reset 
 status=200, reason=OK 
 headers={'date': 'Wed, 29 Apr 2026 12:33:51 GMT', 'server': 'uvicorn', 'content-length': '18', 'content-type': 'application/json'} 
 body={"status":"reset"} 
 </msg>
<arg>epc_api</arg>
<arg>/reset</arg>
<doc>Sends a POST request on a previously created HTTP Session.</doc>
<status status="PASS" start="2026-04-29T14:33:51.214152" elapsed="0.025812"/>
</kw>
<status status="PASS" start="2026-04-29T14:33:51.213971" elapsed="0.026069"/>
</kw>
<kw name="Attach UE To Network">
<kw name="Create Dictionary" owner="BuiltIn">
<msg time="2026-04-29T14:33:51.240997" level="INFO">${body} = {'ue_id': 0}</msg>
<var>${body}</var>
<arg>ue_id=${ue_id}</arg>
<doc>Creates and returns a dictionary based on the given ``items``.</doc>
<status status="PASS" start="2026-04-29T14:33:51.240617" elapsed="0.000400"/>
</kw>
<kw name="POST On Session" owner="RequestsLibrary">
<msg time="2026-04-29T14:33:51.284664" level="INFO">POST Request : url=http://localhost:8000/ues 
 path_url=/ues 
 headers={'User-Agent': 'python-requests/2.33.1', 'Accept-Encoding': 'gzip, deflate, zstd', 'Accept': '*/*', 'Connection': 'keep-alive', 'Content-Length': '12', 'Content-Type': 'application/json'} 
 body=b'{"ue_id": 0}' 
 </msg>
<msg time="2026-04-29T14:33:51.284723" level="INFO">POST Response : url=http://localhost:8000/ues 
 status=422, reason=Unprocessable Entity 
 headers={'date': 'Wed, 29 Apr 2026 12:33:51 GMT', 'server': 'uvicorn', 'content-length': '141', 'content-type': 'application/json'} 
 body={"detail":[{"type":"greater_than_equal","loc":["body","ue_id"],"msg":"Input should be greater than or equal to 1","input":0,"ctx":{"ge":1}}]} 
 </msg>
<msg time="2026-04-29T14:33:51.284840" level="FAIL">HTTPError: 422 Client Error: Unprocessable Entity for url: http://localhost:8000/ues</msg>
<var>${resp}</var>
<arg>epc_api</arg>
<arg>/ues</arg>
<arg>json=${body}</arg>
<doc>Sends a POST request on a previously created HTTP Session.</doc>
<status status="FAIL" start="2026-04-29T14:33:51.241090" elapsed="0.045805">HTTPError: 422 Client Error: Unprocessable Entity for url: http://localhost:8000/ues</status>
</kw>
<kw name="Should Be Equal As Integers" owner="BuiltIn">
<arg>${resp.status_code}</arg>
<arg>200</arg>
<doc>Fails if objects are unequal after converting them to integers.</doc>
<status status="NOT RUN" start="2026-04-29T14:33:51.287021" elapsed="0.000020"/>
</kw>
<arg>${MIN_VALID_UE_ID}</arg>
<status status="FAIL" start="2026-04-29T14:33:51.240360" elapsed="0.046767">HTTPError: 422 Client Error: Unprocessable Entity for url: http://localhost:8000/ues</status>
</kw>
<kw name="Verify If UE Is Attached">
<arg>${MIN_VALID_UE_ID}</arg>
<status status="NOT RUN" start="2026-04-29T14:33:51.287366" elapsed="0.000022"/>
</kw>
<kw name="Verify If UE Has Default Bearer">
<arg>${MIN_VALID_UE_ID}</arg>
<arg>${DEFAULT_BEARER}</arg>
<status status="NOT RUN" start="2026-04-29T14:33:51.287526" elapsed="0.000014"/>
</kw>
<doc>Verify successful attachment for the lowest allowed UE ID (0).</doc>
<status status="FAIL" start="2026-04-29T14:33:51.213533" elapsed="0.074165">HTTPError: 422 Client Error: Unprocessable Entity for url: http://localhost:8000/ues</status>
</test>
<test id="s1-s1-t2" name="TC-1-002: Succeed when attaching UE with maximum valid ID" line="26">
<kw name="Reset EPC Simulator" type="SETUP">
<kw name="POST On Session" owner="RequestsLibrary">
<msg time="2026-04-29T14:33:51.290732" level="INFO">POST Request : url=http://localhost:8000/reset 
 path_url=/reset 
 headers={'User-Agent': 'python-requests/2.33.1', 'Accept-Encoding': 'gzip, deflate, zstd', 'Accept': '*/*', 'Connection': 'keep-alive', 'Content-Length': '0'} 
 body=None 
 </msg>
<msg time="2026-04-29T14:33:51.290770" level="INFO">POST Response : url=http://localhost:8000/reset 
 status=200, reason=OK 
 headers={'date': 'Wed, 29 Apr 2026 12:33:51 GMT', 'server': 'uvicorn', 'content-length': '18', 'content-type': 'application/json'} 
 body={"status":"reset"} 
 </msg>
<arg>epc_api</arg>
<arg>/reset</arg>
<doc>Sends a POST request on a previously created HTTP Session.</doc>
<status status="PASS" start="2026-04-29T14:33:51.288541" elapsed="0.002266"/>
</kw>
<status status="PASS" start="2026-04-29T14:33:51.288389" elapsed="0.002461"/>
</kw>
<kw name="Attach UE To Network">
<kw name="Create Dictionary" owner="BuiltIn">
<msg time="2026-04-29T14:33:51.291484" level="INFO">${body} = {'ue_id': 100}</msg>
<var>${body}</var>
<arg>ue_id=${ue_id}</arg>
<doc>Creates and returns a dictionary based on the given ``items``.</doc>
<status status="PASS" start="2026-04-29T14:33:51.291219" elapsed="0.000283"/>
</kw>
<kw name="POST On Session" owner="RequestsLibrary">
<msg time="2026-04-29T14:33:51.343564" level="INFO">POST Request : url=http://localhost:8000/ues 
 path_url=/ues 
 headers={'User-Agent': 'python-requests/2.33.1', 'Accept-Encoding': 'gzip, deflate, zstd', 'Accept': '*/*', 'Connection': 'keep-alive', 'Content-Length': '14', 'Content-Type': 'application/json'} 
 body=b'{"ue_id": 100}' 
 </msg>
<msg time="2026-04-29T14:33:51.343614" level="INFO">POST Response : url=http://localhost:8000/ues 
 status=200, reason=OK 
 headers={'date': 'Wed, 29 Apr 2026 12:33:51 GMT', 'server': 'uvicorn', 'content-length': '33', 'content-type': 'application/json'} 
 body={"status":"attached","ue_id":100} 
 </msg>
<msg time="2026-04-29T14:33:51.343700" level="INFO">${resp} = &lt;Response [200]&gt;</msg>
<var>${resp}</var>
<arg>epc_api</arg>
<arg>/ues</arg>
<arg>json=${body}</arg>
<doc>Sends a POST request on a previously created HTTP Session.</doc>
<status status="PASS" start="2026-04-29T14:33:51.291564" elapsed="0.052154"/>
</kw>
<kw name="Should Be Equal As Integers" owner="BuiltIn">
<msg time="2026-04-29T14:33:51.344290" level="INFO">Argument types are:
&lt;class 'int'&gt;
&lt;class 'str'&gt;</msg>
<arg>${resp.status_code}</arg>
<arg>200</arg>
<doc>Fails if objects are unequal after converting them to integers.</doc>
<status status="PASS" start="2026-04-29T14:33:51.343817" elapsed="0.000517"/>
</kw>
<arg>${MAX_VALID_UE_ID}</arg>
<status status="PASS" start="2026-04-29T14:33:51.291034" elapsed="0.053342"/>
</kw>
<kw name="Verify If UE Is Attached">
<kw name="GET On Session" owner="RequestsLibrary">
<msg time="2026-04-29T14:33:51.346759" level="INFO">GET Request : url=http://localhost:8000/ues 
 path_url=/ues 
 headers={'User-Agent': 'python-requests/2.33.1', 'Accept-Encoding': 'gzip, deflate, zstd', 'Accept': '*/*', 'Connection': 'keep-alive'} 
 body=None 
 </msg>
<msg time="2026-04-29T14:33:51.346813" level="INFO">GET Response : url=http://localhost:8000/ues 
 status=200, reason=OK 
 headers={'date': 'Wed, 29 Apr 2026 12:33:51 GMT', 'server': 'uvicorn', 'content-length': '13', 'content-type': 'application/json'} 
 body={"ues":[100]} 
 </msg>
<msg time="2026-04-29T14:33:51.346874" level="INFO">${resp} = &lt;Response [200]&gt;</msg>
<var>${resp}</var>
<arg>epc_api</arg>
<arg>/ues</arg>
<doc>Sends a GET request on a previously created HTTP Session.</doc>
<status status="PASS" start="2026-04-29T14:33:51.344773" elapsed="0.002117"/>
</kw>
<kw name="Convert To Integer" owner="BuiltIn">
<msg time="2026-04-29T14:33:51.347163" level="INFO">${ue_id_int} = 100</msg>
<var>${ue_id_int}</var>
<arg>${ue_id}</arg>
<doc>Converts the given item to an integer number.</doc>
<status status="PASS" start="2026-04-29T14:33:51.346962" elapsed="0.000217"/>
</kw>
<kw name="List Should Contain Value" owner="Collections">
<arg>${resp.json()['ues']}</arg>
<arg>${ue_id_int}</arg>
<doc>Fails if the ``value`` is not found from ``list``.</doc>
<status status="PASS" start="2026-04-29T14:33:51.347239" elapsed="0.000506"/>
</kw>
<arg>${MAX_VALID_UE_ID}</arg>
<status status="PASS" start="2026-04-29T14:33:51.344587" elapsed="0.003202"/>
</kw>
<kw name="Verify If UE Has Default Bearer">
<kw name="GET On Session" owner="RequestsLibrary">
<msg time="2026-04-29T14:33:51.350069" level="INFO">GET Request : url=http://localhost:8000/ues/100 
 path_url=/ues/100 
 headers={'User-Agent': 'python-requests/2.33.1', 'Accept-Encoding': 'gzip, deflate, zstd', 'Accept': '*/*', 'Connection': 'keep-alive'} 
 body=None 
 </msg>
<msg time="2026-04-29T14:33:51.350106" level="INFO">GET Response : url=http://localhost:8000/ues/100 
 status=200, reason=OK 
 headers={'date': 'Wed, 29 Apr 2026 12:33:51 GMT', 'server': 'uvicorn', 'content-length': '105', 'content-type': 'application/json'} 
 body={"ue_id":100,"bearers":{"9":{"bearer_id":9,"protocol":null,"target_bps":null,"active":false}},"stats":{}} 
 </msg>
<msg time="2026-04-29T14:33:51.350164" level="INFO">${resp} = &lt;Response [200]&gt;</msg>
<var>${resp}</var>
<arg>epc_api</arg>
<arg>/ues/${ue_id}</arg>
<doc>Sends a GET request on a previously created HTTP Session.</doc>
<status status="PASS" start="2026-04-29T14:33:51.348168" elapsed="0.002012"/>
</kw>
<kw name="Convert To String" owner="BuiltIn">
<msg time="2026-04-29T14:33:51.350444" level="INFO">${bearer_str} = 9</msg>
<var>${bearer_str}</var>
<arg>${bearer_id}</arg>
<doc>Converts the given item to a Unicode string.</doc>
<status status="PASS" start="2026-04-29T14:33:51.350249" elapsed="0.000212"/>
</kw>
<kw name="Dictionary Should Contain Key" owner="Collections">
<arg>${resp.json()['bearers']}</arg>
<arg>${bearer_str}</arg>
<doc>Fails if ``key`` is not found from ``dictionary``.</doc>
<status status="PASS" start="2026-04-29T14:33:51.350520" elapsed="0.000347"/>
</kw>
<arg>${MAX_VALID_UE_ID}</arg>
<arg>${DEFAULT_BEARER}</arg>
<status status="PASS" start="2026-04-29T14:33:51.347967" elapsed="0.002940"/>
</kw>
<doc>Verify successful attachment for the highest allowed UE ID (100).</doc>
<status status="PASS" start="2026-04-29T14:33:51.288023" elapsed="0.063046"/>
</test>
<test id="s1-s1-t3" name="TC-1-003: Fail when attaching UE with ID just below minimum" line="32">
<kw name="Reset EPC Simulator" type="SETUP">
<kw name="POST On Session" owner="RequestsLibrary">
<msg time="2026-04-29T14:33:51.363475" level="INFO">POST Request : url=http://localhost:8000/reset 
 path_url=/reset 
 headers={'User-Agent': 'python-requests/2.33.1', 'Accept-Encoding': 'gzip, deflate, zstd', 'Accept': '*/*', 'Connection': 'keep-alive', 'Content-Length': '0'} 
 body=None 
 </msg>
<msg time="2026-04-29T14:33:51.363523" level="INFO">POST Response : url=http://localhost:8000/reset 
 status=200, reason=OK 
 headers={'date': 'Wed, 29 Apr 2026 12:33:51 GMT', 'server': 'uvicorn', 'content-length': '18', 'content-type': 'application/json'} 
 body={"status":"reset"} 
 </msg>
<arg>epc_api</arg>
<arg>/reset</arg>
<doc>Sends a POST request on a previously created HTTP Session.</doc>
<status status="PASS" start="2026-04-29T14:33:51.351882" elapsed="0.011684"/>
</kw>
<status status="PASS" start="2026-04-29T14:33:51.351742" elapsed="0.011874"/>
</kw>
<kw name="Attempt To Attach UE With Invalid Data">
<kw name="Create Dictionary" owner="BuiltIn">
<msg time="2026-04-29T14:33:51.364295" level="INFO">${body} = {'ue_id': -1}</msg>
<var>${body}</var>
<arg>ue_id=${ue_id}</arg>
<doc>Creates and returns a dictionary based on the given ``items``.</doc>
<status status="PASS" start="2026-04-29T14:33:51.364045" elapsed="0.000267"/>
</kw>
<kw name="POST On Session" owner="RequestsLibrary">
<msg time="2026-04-29T14:33:51.407757" level="INFO">POST Request : url=http://localhost:8000/ues 
 path_url=/ues 
 headers={'User-Agent': 'python-requests/2.33.1', 'Accept-Encoding': 'gzip, deflate, zstd', 'Accept': '*/*', 'Connection': 'keep-alive', 'Content-Length': '13', 'Content-Type': 'application/json'} 
 body=b'{"ue_id": -1}' 
 </msg>
<msg time="2026-04-29T14:33:51.407813" level="INFO">POST Response : url=http://localhost:8000/ues 
 status=422, reason=Unprocessable Entity 
 headers={'date': 'Wed, 29 Apr 2026 12:33:51 GMT', 'server': 'uvicorn', 'content-length': '142', 'content-type': 'application/json'} 
 body={"detail":[{"type":"greater_than_equal","loc":["body","ue_id"],"msg":"Input should be greater than or equal to 1","input":-1,"ctx":{"ge":1}}]} 
 </msg>
<msg time="2026-04-29T14:33:51.407913" level="INFO">${resp} = &lt;Response [422]&gt;</msg>
<var>${resp}</var>
<arg>epc_api</arg>
<arg>/ues</arg>
<arg>json=${body}</arg>
<arg>expected_status=422</arg>
<doc>Sends a POST request on a previously created HTTP Session.</doc>
<status status="PASS" start="2026-04-29T14:33:51.364374" elapsed="0.043558"/>
</kw>
<arg>${MIN_INVALID_UE_ID}</arg>
<status status="PASS" start="2026-04-29T14:33:51.363832" elapsed="0.044160"/>
</kw>
<kw name="Verify If UE Is Not Attached">
<kw name="GET On Session" owner="RequestsLibrary">
<msg time="2026-04-29T14:33:51.410461" level="INFO">GET Request : url=http://localhost:8000/ues 
 path_url=/ues 
 headers={'User-Agent': 'python-requests/2.33.1', 'Accept-Encoding': 'gzip, deflate, zstd', 'Accept': '*/*', 'Connection': 'keep-alive'} 
 body=None 
 </msg>
<msg time="2026-04-29T14:33:51.410498" level="INFO">GET Response : url=http://localhost:8000/ues 
 status=200, reason=OK 
 headers={'date': 'Wed, 29 Apr 2026 12:33:51 GMT', 'server': 'uvicorn', 'content-length': '10', 'content-type': 'application/json'} 
 body={"ues":[]} 
 </msg>
<msg time="2026-04-29T14:33:51.410555" level="INFO">${resp} = &lt;Response [200]&gt;</msg>
<var>${resp}</var>
<arg>epc_api</arg>
<arg>/ues</arg>
<doc>Sends a GET request on a previously created HTTP Session.</doc>
<status status="PASS" start="2026-04-29T14:33:51.408431" elapsed="0.002140"/>
</kw>
<kw name="Convert To String" owner="BuiltIn">
<msg time="2026-04-29T14:33:51.410858" level="INFO">${ue_id_string_check} = -1</msg>
<var>${ue_id_string_check}</var>
<arg>${ue_id}</arg>
<doc>Converts the given item to a Unicode string.</doc>
<status status="PASS" start="2026-04-29T14:33:51.410642" elapsed="0.000232"/>
</kw>
<kw name="Run Keyword And Ignore Error" owner="BuiltIn">
<kw name="List Should Not Contain Value" owner="Collections">
<arg>${resp.json()['ues']}</arg>
<arg>${ue_id}</arg>
<doc>Fails if the ``value`` is found from ``list``.</doc>
<status status="PASS" start="2026-04-29T14:33:51.411158" elapsed="0.000423"/>
</kw>
<arg>List Should Not Contain Value</arg>
<arg>${resp.json()['ues']}</arg>
<arg>${ue_id}</arg>
<doc>Runs the given keyword with the given arguments and ignores possible error.</doc>
<status status="PASS" start="2026-04-29T14:33:51.410940" elapsed="0.000678"/>
</kw>
<arg>${MIN_INVALID_UE_ID}</arg>
<status status="PASS" start="2026-04-29T14:33:51.408222" elapsed="0.003429"/>
</kw>
<doc>Verify validation error when UE ID is -1.</doc>
<status status="PASS" start="2026-04-29T14:33:51.351407" elapsed="0.060397"/>
</test>
<test id="s1-s1-t4" name="TC-1-004: Fail when attaching UE with ID just above maximum" line="37">
<kw name="Reset EPC Simulator" type="SETUP">
<kw name="POST On Session" owner="RequestsLibrary">
<msg time="2026-04-29T14:33:51.414338" level="INFO">POST Request : url=http://localhost:8000/reset 
 path_url=/reset 
 headers={'User-Agent': 'python-requests/2.33.1', 'Accept-Encoding': 'gzip, deflate, zstd', 'Accept': '*/*', 'Connection': 'keep-alive', 'Content-Length': '0'} 
 body=None 
 </msg>
<msg time="2026-04-29T14:33:51.414376" level="INFO">POST Response : url=http://localhost:8000/reset 
 status=200, reason=OK 
 headers={'date': 'Wed, 29 Apr 2026 12:33:51 GMT', 'server': 'uvicorn', 'content-length': '18', 'content-type': 'application/json'} 
 body={"status":"reset"} 
 </msg>
<arg>epc_api</arg>
<arg>/reset</arg>
<doc>Sends a POST request on a previously created HTTP Session.</doc>
<status status="PASS" start="2026-04-29T14:33:51.412530" elapsed="0.001879"/>
</kw>
<status status="PASS" start="2026-04-29T14:33:51.412395" elapsed="0.002054"/>
</kw>
<kw name="Attempt To Attach UE With Invalid Data">
<kw name="Create Dictionary" owner="BuiltIn">
<msg time="2026-04-29T14:33:51.415036" level="INFO">${body} = {'ue_id': 101}</msg>
<var>${body}</var>
<arg>ue_id=${ue_id}</arg>
<doc>Creates and returns a dictionary based on the given ``items``.</doc>
<status status="PASS" start="2026-04-29T14:33:51.414793" elapsed="0.000261"/>
</kw>
<kw name="POST On Session" owner="RequestsLibrary">
<msg time="2026-04-29T14:33:51.457742" level="INFO">POST Request : url=http://localhost:8000/ues 
 path_url=/ues 
 headers={'User-Agent': 'python-requests/2.33.1', 'Accept-Encoding': 'gzip, deflate, zstd', 'Accept': '*/*', 'Connection': 'keep-alive', 'Content-Length': '14', 'Content-Type': 'application/json'} 
 body=b'{"ue_id": 101}' 
 </msg>
<msg time="2026-04-29T14:33:51.457793" level="INFO">POST Response : url=http://localhost:8000/ues 
 status=422, reason=Unprocessable Entity 
 headers={'date': 'Wed, 29 Apr 2026 12:33:51 GMT', 'server': 'uvicorn', 'content-length': '141', 'content-type': 'application/json'} 
 body={"detail":[{"type":"less_than_equal","loc":["body","ue_id"],"msg":"Input should be less than or equal to 100","input":101,"ctx":{"le":100}}]} 
 </msg>
<msg time="2026-04-29T14:33:51.457884" level="INFO">${resp} = &lt;Response [422]&gt;</msg>
<var>${resp}</var>
<arg>epc_api</arg>
<arg>/ues</arg>
<arg>json=${body}</arg>
<arg>expected_status=422</arg>
<doc>Sends a POST request on a previously created HTTP Session.</doc>
<status status="PASS" start="2026-04-29T14:33:51.415121" elapsed="0.042780"/>
</kw>
<arg>${MAX_INVALID_UE_ID}</arg>
<status status="PASS" start="2026-04-29T14:33:51.414617" elapsed="0.043347"/>
</kw>
<kw name="Verify If UE Is Not Attached">
<kw name="GET On Session" owner="RequestsLibrary">
<msg time="2026-04-29T14:33:51.460399" level="INFO">GET Request : url=http://localhost:8000/ues 
 path_url=/ues 
 headers={'User-Agent': 'python-requests/2.33.1', 'Accept-Encoding': 'gzip, deflate, zstd', 'Accept': '*/*', 'Connection': 'keep-alive'} 
 body=None 
 </msg>
<msg time="2026-04-29T14:33:51.460435" level="INFO">GET Response : url=http://localhost:8000/ues 
 status=200, reason=OK 
 headers={'date': 'Wed, 29 Apr 2026 12:33:51 GMT', 'server': 'uvicorn', 'content-length': '10', 'content-type': 'application/json'} 
 body={"ues":[]} 
 </msg>
<msg time="2026-04-29T14:33:51.460493" level="INFO">${resp} = &lt;Response [200]&gt;</msg>
<var>${resp}</var>
<arg>epc_api</arg>
<arg>/ues</arg>
<doc>Sends a GET request on a previously created HTTP Session.</doc>
<status status="PASS" start="2026-04-29T14:33:51.458387" elapsed="0.002121"/>
</kw>
<kw name="Convert To String" owner="BuiltIn">
<msg time="2026-04-29T14:33:51.460885" level="INFO">${ue_id_string_check} = 101</msg>
<var>${ue_id_string_check}</var>
<arg>${ue_id}</arg>
<doc>Converts the given item to a Unicode string.</doc>
<status status="PASS" start="2026-04-29T14:33:51.460578" elapsed="0.000330"/>
</kw>
<kw name="Run Keyword And Ignore Error" owner="BuiltIn">
<kw name="List Should Not Contain Value" owner="Collections">
<arg>${resp.json()['ues']}</arg>
<arg>${ue_id}</arg>
<doc>Fails if the ``value`` is found from ``list``.</doc>
<status status="PASS" start="2026-04-29T14:33:51.461217" elapsed="0.000505"/>
</kw>
<arg>List Should Not Contain Value</arg>
<arg>${resp.json()['ues']}</arg>
<arg>${ue_id}</arg>
<doc>Runs the given keyword with the given arguments and ignores possible error.</doc>
<status status="PASS" start="2026-04-29T14:33:51.460993" elapsed="0.000771"/>
</kw>
<arg>${MAX_INVALID_UE_ID}</arg>
<status status="PASS" start="2026-04-29T14:33:51.458188" elapsed="0.003618"/>
</kw>
<doc>Verify validation error when UE ID is 101.</doc>
<status status="PASS" start="2026-04-29T14:33:51.412074" elapsed="0.049883"/>
</test>
<test id="s1-s1-t5" name="TC-1-005: Fail when attaching UE with string ID" line="42">
<kw name="Reset EPC Simulator" type="SETUP">
<kw name="POST On Session" owner="RequestsLibrary">
<msg time="2026-04-29T14:33:51.465740" level="INFO">POST Request : url=http://localhost:8000/reset 
 path_url=/reset 
 headers={'User-Agent': 'python-requests/2.33.1', 'Accept-Encoding': 'gzip, deflate, zstd', 'Accept': '*/*', 'Connection': 'keep-alive', 'Content-Length': '0'} 
 body=None 
 </msg>
<msg time="2026-04-29T14:33:51.465782" level="INFO">POST Response : url=http://localhost:8000/reset 
 status=200, reason=OK 
 headers={'date': 'Wed, 29 Apr 2026 12:33:51 GMT', 'server': 'uvicorn', 'content-length': '18', 'content-type': 'application/json'} 
 body={"status":"reset"} 
 </msg>
<arg>epc_api</arg>
<arg>/reset</arg>
<doc>Sends a POST request on a previously created HTTP Session.</doc>
<status status="PASS" start="2026-04-29T14:33:51.462861" elapsed="0.002957"/>
</kw>
<status status="PASS" start="2026-04-29T14:33:51.462712" elapsed="0.003150"/>
</kw>
<kw name="Attempt To Attach UE With Invalid Data">
<kw name="Create Dictionary" owner="BuiltIn">
<msg time="2026-04-29T14:33:51.466595" level="INFO">${body} = {'ue_id': 'invalid_id'}</msg>
<var>${body}</var>
<arg>ue_id=${ue_id}</arg>
<doc>Creates and returns a dictionary based on the given ``items``.</doc>
<status status="PASS" start="2026-04-29T14:33:51.466323" elapsed="0.000290"/>
</kw>
<kw name="POST On Session" owner="RequestsLibrary">
<msg time="2026-04-29T14:33:51.511396" level="INFO">POST Request : url=http://localhost:8000/ues 
 path_url=/ues 
 headers={'User-Agent': 'python-requests/2.33.1', 'Accept-Encoding': 'gzip, deflate, zstd', 'Accept': '*/*', 'Connection': 'keep-alive', 'Content-Length': '23', 'Content-Type': 'application/json'} 
 body=b'{"ue_id": "invalid_id"}' 
 </msg>
<msg time="2026-04-29T14:33:51.511447" level="INFO">POST Response : url=http://localhost:8000/ues 
 status=422, reason=Unprocessable Entity 
 headers={'date': 'Wed, 29 Apr 2026 12:33:51 GMT', 'server': 'uvicorn', 'content-length': '157', 'content-type': 'application/json'} 
 body={"detail":[{"type":"int_parsing","loc":["body","ue_id"],"msg":"Input should be a valid integer, unable to parse string as an integer","input":"invalid_id"}]} 
 </msg>
<msg time="2026-04-29T14:33:51.511541" level="INFO">${resp} = &lt;Response [422]&gt;</msg>
<var>${resp}</var>
<arg>epc_api</arg>
<arg>/ues</arg>
<arg>json=${body}</arg>
<arg>expected_status=422</arg>
<doc>Sends a POST request on a previously created HTTP Session.</doc>
<status status="PASS" start="2026-04-29T14:33:51.466678" elapsed="0.044881"/>
</kw>
<arg>${STRING_UE_ID}</arg>
<status status="PASS" start="2026-04-29T14:33:51.466126" elapsed="0.045490"/>
</kw>
<doc>Verify validation error when UE ID is a string.</doc>
<status status="PASS" start="2026-04-29T14:33:51.462281" elapsed="0.049517"/>
</test>
<test id="s1-s1-t6" name="TC-1-006: Fail when attaching UE with float ID" line="46">
<kw name="Reset EPC Simulator" type="SETUP">
<kw name="POST On Session" owner="RequestsLibrary">
<msg time="2026-04-29T14:33:51.514901" level="INFO">POST Request : url=http://localhost:8000/reset 
 path_url=/reset 
 headers={'User-Agent': 'python-requests/2.33.1', 'Accept-Encoding': 'gzip, deflate, zstd', 'Accept': '*/*', 'Connection': 'keep-alive', 'Content-Length': '0'} 
 body=None 
 </msg>
<msg time="2026-04-29T14:33:51.514953" level="INFO">POST Response : url=http://localhost:8000/reset 
 status=200, reason=OK 
 headers={'date': 'Wed, 29 Apr 2026 12:33:51 GMT', 'server': 'uvicorn', 'content-length': '18', 'content-type': 'application/json'} 
 body={"status":"reset"} 
 </msg>
<arg>epc_api</arg>
<arg>/reset</arg>
<doc>Sends a POST request on a previously created HTTP Session.</doc>
<status status="PASS" start="2026-04-29T14:33:51.512636" elapsed="0.002350"/>
</kw>
<status status="PASS" start="2026-04-29T14:33:51.512477" elapsed="0.002550"/>
</kw>
<kw name="Attempt To Attach UE With Invalid Data">
<kw name="Create Dictionary" owner="BuiltIn">
<msg time="2026-04-29T14:33:51.515618" level="INFO">${body} = {'ue_id': 1.5}</msg>
<var>${body}</var>
<arg>ue_id=${ue_id}</arg>
<doc>Creates and returns a dictionary based on the given ``items``.</doc>
<status status="PASS" start="2026-04-29T14:33:51.515346" elapsed="0.000290"/>
</kw>
<kw name="POST On Session" owner="RequestsLibrary">
<msg time="2026-04-29T14:33:51.561491" level="INFO">POST Request : url=http://localhost:8000/ues 
 path_url=/ues 
 headers={'User-Agent': 'python-requests/2.33.1', 'Accept-Encoding': 'gzip, deflate, zstd', 'Accept': '*/*', 'Connection': 'keep-alive', 'Content-Length': '14', 'Content-Type': 'application/json'} 
 body=b'{"ue_id": 1.5}' 
 </msg>
<msg time="2026-04-29T14:33:51.561541" level="INFO">POST Response : url=http://localhost:8000/ues 
 status=422, reason=Unprocessable Entity 
 headers={'date': 'Wed, 29 Apr 2026 12:33:51 GMT', 'server': 'uvicorn', 'content-length': '150', 'content-type': 'application/json'} 
 body={"detail":[{"type":"int_from_float","loc":["body","ue_id"],"msg":"Input should be a valid integer, got a number with a fractional part","input":1.5}]} 
 </msg>
<msg time="2026-04-29T14:33:51.561628" level="INFO">${resp} = &lt;Response [422]&gt;</msg>
<var>${resp}</var>
<arg>epc_api</arg>
<arg>/ues</arg>
<arg>json=${body}</arg>
<arg>expected_status=422</arg>
<doc>Sends a POST request on a previously created HTTP Session.</doc>
<status status="PASS" start="2026-04-29T14:33:51.515698" elapsed="0.045946"/>
</kw>
<arg>${FLOAT_UE_ID}</arg>
<status status="PASS" start="2026-04-29T14:33:51.515170" elapsed="0.046530"/>
</kw>
<doc>Verify validation error when UE ID is a floating point number.</doc>
<status status="PASS" start="2026-04-29T14:33:51.512127" elapsed="0.049742"/>
</test>
<test id="s1-s1-t7" name="TC-1-007: Fail when UE ID is not provided" line="50">
<kw name="Reset EPC Simulator" type="SETUP">
<kw name="POST On Session" owner="RequestsLibrary">
<msg time="2026-04-29T14:33:51.564720" level="INFO">POST Request : url=http://localhost:8000/reset 
 path_url=/reset 
 headers={'User-Agent': 'python-requests/2.33.1', 'Accept-Encoding': 'gzip, deflate, zstd', 'Accept': '*/*', 'Connection': 'keep-alive', 'Content-Length': '0'} 
 body=None 
 </msg>
<msg time="2026-04-29T14:33:51.564757" level="INFO">POST Response : url=http://localhost:8000/reset 
 status=200, reason=OK 
 headers={'date': 'Wed, 29 Apr 2026 12:33:51 GMT', 'server': 'uvicorn', 'content-length': '18', 'content-type': 'application/json'} 
 body={"status":"reset"} 
 </msg>
<arg>epc_api</arg>
<arg>/reset</arg>
<doc>Sends a POST request on a previously created HTTP Session.</doc>
<status status="PASS" start="2026-04-29T14:33:51.562702" elapsed="0.002093"/>
</kw>
<status status="PASS" start="2026-04-29T14:33:51.562548" elapsed="0.002288"/>
</kw>
<kw name="Attempt To Attach UE Without ID">
<kw name="Create Dictionary" owner="BuiltIn">
<msg time="2026-04-29T14:33:51.565335" level="INFO">${body} = {}</msg>
<var>${body}</var>
<doc>Creates and returns a dictionary based on the given ``items``.</doc>
<status status="PASS" start="2026-04-29T14:33:51.565150" elapsed="0.000203"/>
</kw>
<kw name="POST On Session" owner="RequestsLibrary">
<msg time="2026-04-29T14:33:51.607359" level="INFO">POST Request : url=http://localhost:8000/ues 
 path_url=/ues 
 headers={'User-Agent': 'python-requests/2.33.1', 'Accept-Encoding': 'gzip, deflate, zstd', 'Accept': '*/*', 'Connection': 'keep-alive', 'Content-Length': '2', 'Content-Type': 'application/json'} 
 body=b'{}' 
 </msg>
<msg time="2026-04-29T14:33:51.607405" level="INFO">POST Response : url=http://localhost:8000/ues 
 status=422, reason=Unprocessable Entity 
 headers={'date': 'Wed, 29 Apr 2026 12:33:51 GMT', 'server': 'uvicorn', 'content-length': '88', 'content-type': 'application/json'} 
 body={"detail":[{"type":"missing","loc":["body","ue_id"],"msg":"Field required","input":{}}]} 
 </msg>
<msg time="2026-04-29T14:33:51.607482" level="INFO">${resp} = &lt;Response [422]&gt;</msg>
<var>${resp}</var>
<arg>epc_api</arg>
<arg>/ues</arg>
<arg>json=${body}</arg>
<arg>expected_status=422</arg>
<doc>Sends a POST request on a previously created HTTP Session.</doc>
<status status="PASS" start="2026-04-29T14:33:51.565412" elapsed="0.042087"/>
</kw>
<status status="PASS" start="2026-04-29T14:33:51.565001" elapsed="0.042551"/>
</kw>
<doc>Verify validation error when payload is missing the UE ID.</doc>
<status status="PASS" start="2026-04-29T14:33:51.562210" elapsed="0.045498"/>
</test>
<test id="s1-s1-t8" name="TC-1-008: Fail when UE is already connected" line="54">
<kw name="Reset EPC Simulator" type="SETUP">
<kw name="POST On Session" owner="RequestsLibrary">
<msg time="2026-04-29T14:33:51.610429" level="INFO">POST Request : url=http://localhost:8000/reset 
 path_url=/reset 
 headers={'User-Agent': 'python-requests/2.33.1', 'Accept-Encoding': 'gzip, deflate, zstd', 'Accept': '*/*', 'Connection': 'keep-alive', 'Content-Length': '0'} 
 body=None 
 </msg>
<msg time="2026-04-29T14:33:51.610465" level="INFO">POST Response : url=http://localhost:8000/reset 
 status=200, reason=OK 
 headers={'date': 'Wed, 29 Apr 2026 12:33:51 GMT', 'server': 'uvicorn', 'content-length': '18', 'content-type': 'application/json'} 
 body={"status":"reset"} 
 </msg>
<arg>epc_api</arg>
<arg>/reset</arg>
<doc>Sends a POST request on a previously created HTTP Session.</doc>
<status status="PASS" start="2026-04-29T14:33:51.608472" elapsed="0.002026"/>
</kw>
<status status="PASS" start="2026-04-29T14:33:51.608330" elapsed="0.002208"/>
</kw>
<kw name="Attach UE To Network">
<kw name="Create Dictionary" owner="BuiltIn">
<msg time="2026-04-29T14:33:51.611130" level="INFO">${body} = {'ue_id': 50}</msg>
<var>${body}</var>
<arg>ue_id=${ue_id}</arg>
<doc>Creates and returns a dictionary based on the given ``items``.</doc>
<status status="PASS" start="2026-04-29T14:33:51.610893" elapsed="0.000254"/>
</kw>
<kw name="POST On Session" owner="RequestsLibrary">
<msg time="2026-04-29T14:33:51.672071" level="INFO">POST Request : url=http://localhost:8000/ues 
 path_url=/ues 
 headers={'User-Agent': 'python-requests/2.33.1', 'Accept-Encoding': 'gzip, deflate, zstd', 'Accept': '*/*', 'Connection': 'keep-alive', 'Content-Length': '13', 'Content-Type': 'application/json'} 
 body=b'{"ue_id": 50}' 
 </msg>
<msg time="2026-04-29T14:33:51.672123" level="INFO">POST Response : url=http://localhost:8000/ues 
 status=200, reason=OK 
 headers={'date': 'Wed, 29 Apr 2026 12:33:51 GMT', 'server': 'uvicorn', 'content-length': '32', 'content-type': 'application/json'} 
 body={"status":"attached","ue_id":50} 
 </msg>
<msg time="2026-04-29T14:33:51.672212" level="INFO">${resp} = &lt;Response [200]&gt;</msg>
<var>${resp}</var>
<arg>epc_api</arg>
<arg>/ues</arg>
<arg>json=${body}</arg>
<doc>Sends a POST request on a previously created HTTP Session.</doc>
<status status="PASS" start="2026-04-29T14:33:51.611210" elapsed="0.061019"/>
</kw>
<kw name="Should Be Equal As Integers" owner="BuiltIn">
<msg time="2026-04-29T14:33:51.672850" level="INFO">Argument types are:
&lt;class 'int'&gt;
&lt;class 'str'&gt;</msg>
<arg>${resp.status_code}</arg>
<arg>200</arg>
<doc>Fails if objects are unequal after converting them to integers.</doc>
<status status="PASS" start="2026-04-29T14:33:51.672329" elapsed="0.000565"/>
</kw>
<arg>${EXAMPLE_UE_ID}</arg>
<status status="PASS" start="2026-04-29T14:33:51.610715" elapsed="0.062223"/>
</kw>
<kw name="Attempt To Attach Already Connected UE">
<kw name="Create Dictionary" owner="BuiltIn">
<msg time="2026-04-29T14:33:51.673585" level="INFO">${body} = {'ue_id': 50}</msg>
<var>${body}</var>
<arg>ue_id=${ue_id}</arg>
<doc>Creates and returns a dictionary based on the given ``items``.</doc>
<status status="PASS" start="2026-04-29T14:33:51.673364" elapsed="0.000238"/>
</kw>
<kw name="POST On Session" owner="RequestsLibrary">
<msg time="2026-04-29T14:33:51.719565" level="INFO">POST Request : url=http://localhost:8000/ues 
 path_url=/ues 
 headers={'User-Agent': 'python-requests/2.33.1', 'Accept-Encoding': 'gzip, deflate, zstd', 'Accept': '*/*', 'Connection': 'keep-alive', 'Content-Length': '13', 'Content-Type': 'application/json'} 
 body=b'{"ue_id": 50}' 
 </msg>
<msg time="2026-04-29T14:33:51.719617" level="INFO">POST Response : url=http://localhost:8000/ues 
 status=400, reason=Bad Request 
 headers={'date': 'Wed, 29 Apr 2026 12:33:51 GMT', 'server': 'uvicorn', 'content-length': '32', 'content-type': 'application/json'} 
 body={"detail":"UE already attached"} 
 </msg>
<msg time="2026-04-29T14:33:51.719698" level="INFO">${resp} = &lt;Response [400]&gt;</msg>
<var>${resp}</var>
<arg>epc_api</arg>
<arg>/ues</arg>
<arg>json=${body}</arg>
<arg>expected_status=400</arg>
<doc>Sends a POST request on a previously created HTTP Session.</doc>
<status status="PASS" start="2026-04-29T14:33:51.673664" elapsed="0.046051"/>
</kw>
<arg>${EXAMPLE_UE_ID}</arg>
<status status="PASS" start="2026-04-29T14:33:51.673165" elapsed="0.046607"/>
</kw>
<doc>Verify bad request error when trying to attach an already attached UE.</doc>
<status status="PASS" start="2026-04-29T14:33:51.608010" elapsed="0.111948"/>
</test>
<test id="s1-s1-t9" name="TC-1-009: Succeed to attach multiple different UEs sequentially" line="59">
<kw name="Reset EPC Simulator" type="SETUP">
<kw name="POST On Session" owner="RequestsLibrary">
<msg time="2026-04-29T14:33:51.732062" level="INFO">POST Request : url=http://localhost:8000/reset 
 path_url=/reset 
 headers={'User-Agent': 'python-requests/2.33.1', 'Accept-Encoding': 'gzip, deflate, zstd', 'Accept': '*/*', 'Connection': 'keep-alive', 'Content-Length': '0'} 
 body=None 
 </msg>
<msg time="2026-04-29T14:33:51.732100" level="INFO">POST Response : url=http://localhost:8000/reset 
 status=200, reason=OK 
 headers={'date': 'Wed, 29 Apr 2026 12:33:51 GMT', 'server': 'uvicorn', 'content-length': '18', 'content-type': 'application/json'} 
 body={"status":"reset"} 
 </msg>
<arg>epc_api</arg>
<arg>/reset</arg>
<doc>Sends a POST request on a previously created HTTP Session.</doc>
<status status="PASS" start="2026-04-29T14:33:51.720788" elapsed="0.011348"/>
</kw>
<status status="PASS" start="2026-04-29T14:33:51.720628" elapsed="0.011551"/>
</kw>
<kw name="Attach UE To Network">
<kw name="Create Dictionary" owner="BuiltIn">
<msg time="2026-04-29T14:33:51.733183" level="INFO">${body} = {'ue_id': 10}</msg>
<var>${body}</var>
<arg>ue_id=${ue_id}</arg>
<doc>Creates and returns a dictionary based on the given ``items``.</doc>
<status status="PASS" start="2026-04-29T14:33:51.732925" elapsed="0.000277"/>
</kw>
<kw name="POST On Session" owner="RequestsLibrary">
<msg time="2026-04-29T14:33:51.786167" level="INFO">POST Request : url=http://localhost:8000/ues 
 path_url=/ues 
 headers={'User-Agent': 'python-requests/2.33.1', 'Accept-Encoding': 'gzip, deflate, zstd', 'Accept': '*/*', 'Connection': 'keep-alive', 'Content-Length': '13', 'Content-Type': 'application/json'} 
 body=b'{"ue_id": 10}' 
 </msg>
<msg time="2026-04-29T14:33:51.786232" level="INFO">POST Response : url=http://localhost:8000/ues 
 status=200, reason=OK 
 headers={'date': 'Wed, 29 Apr 2026 12:33:51 GMT', 'server': 'uvicorn', 'content-length': '32', 'content-type': 'application/json'} 
 body={"status":"attached","ue_id":10} 
 </msg>
<msg time="2026-04-29T14:33:51.786327" level="INFO">${resp} = &lt;Response [200]&gt;</msg>
<var>${resp}</var>
<arg>epc_api</arg>
<arg>/ues</arg>
<arg>json=${body}</arg>
<doc>Sends a POST request on a previously created HTTP Session.</doc>
<status status="PASS" start="2026-04-29T14:33:51.733267" elapsed="0.053078"/>
</kw>
<kw name="Should Be Equal As Integers" owner="BuiltIn">
<msg time="2026-04-29T14:33:51.786929" level="INFO">Argument types are:
&lt;class 'int'&gt;
&lt;class 'str'&gt;</msg>
<arg>${resp.status_code}</arg>
<arg>200</arg>
<doc>Fails if objects are unequal after converting them to integers.</doc>
<status status="PASS" start="2026-04-29T14:33:51.786453" elapsed="0.000515"/>
</kw>
<arg>${10}</arg>
<status status="PASS" start="2026-04-29T14:33:51.732408" elapsed="0.054605"/>
</kw>
<kw name="Attach UE To Network">
<kw name="Create Dictionary" owner="BuiltIn">
<msg time="2026-04-29T14:33:51.787860" level="INFO">${body} = {'ue_id': 11}</msg>
<var>${body}</var>
<arg>ue_id=${ue_id}</arg>
<doc>Creates and returns a dictionary based on the given ``items``.</doc>
<status status="PASS" start="2026-04-29T14:33:51.787565" elapsed="0.000314"/>
</kw>
<kw name="POST On Session" owner="RequestsLibrary">
<msg time="2026-04-29T14:33:51.840216" level="INFO">POST Request : url=http://localhost:8000/ues 
 path_url=/ues 
 headers={'User-Agent': 'python-requests/2.33.1', 'Accept-Encoding': 'gzip, deflate, zstd', 'Accept': '*/*', 'Connection': 'keep-alive', 'Content-Length': '13', 'Content-Type': 'application/json'} 
 body=b'{"ue_id": 11}' 
 </msg>
<msg time="2026-04-29T14:33:51.840275" level="INFO">POST Response : url=http://localhost:8000/ues 
 status=200, reason=OK 
 headers={'date': 'Wed, 29 Apr 2026 12:33:51 GMT', 'server': 'uvicorn', 'content-length': '32', 'content-type': 'application/json'} 
 body={"status":"attached","ue_id":11} 
 </msg>
<msg time="2026-04-29T14:33:51.840366" level="INFO">${resp} = &lt;Response [200]&gt;</msg>
<var>${resp}</var>
<arg>epc_api</arg>
<arg>/ues</arg>
<arg>json=${body}</arg>
<doc>Sends a POST request on a previously created HTTP Session.</doc>
<status status="PASS" start="2026-04-29T14:33:51.787949" elapsed="0.052435"/>
</kw>
<kw name="Should Be Equal As Integers" owner="BuiltIn">
<msg time="2026-04-29T14:33:51.840973" level="INFO">Argument types are:
&lt;class 'int'&gt;
&lt;class 'str'&gt;</msg>
<arg>${resp.status_code}</arg>
<arg>200</arg>
<doc>Fails if objects are unequal after converting them to integers.</doc>
<status status="PASS" start="2026-04-29T14:33:51.840495" elapsed="0.000517"/>
</kw>
<arg>${11}</arg>
<status status="PASS" start="2026-04-29T14:33:51.787235" elapsed="0.053820"/>
</kw>
<kw name="Verify If UE Is Attached">
<kw name="GET On Session" owner="RequestsLibrary">
<msg time="2026-04-29T14:33:51.843644" level="INFO">GET Request : url=http://localhost:8000/ues 
 path_url=/ues 
 headers={'User-Agent': 'python-requests/2.33.1', 'Accept-Encoding': 'gzip, deflate, zstd', 'Accept': '*/*', 'Connection': 'keep-alive'} 
 body=None 
 </msg>
<msg time="2026-04-29T14:33:51.843682" level="INFO">GET Response : url=http://localhost:8000/ues 
 status=200, reason=OK 
 headers={'date': 'Wed, 29 Apr 2026 12:33:51 GMT', 'server': 'uvicorn', 'content-length': '15', 'content-type': 'application/json'} 
 body={"ues":[10,11]} 
 </msg>
<msg time="2026-04-29T14:33:51.843740" level="INFO">${resp} = &lt;Response [200]&gt;</msg>
<var>${resp}</var>
<arg>epc_api</arg>
<arg>/ues</arg>
<doc>Sends a GET request on a previously created HTTP Session.</doc>
<status status="PASS" start="2026-04-29T14:33:51.841594" elapsed="0.002162"/>
</kw>
<kw name="Convert To Integer" owner="BuiltIn">
<msg time="2026-04-29T14:33:51.844028" level="INFO">${ue_id_int} = 10</msg>
<var>${ue_id_int}</var>
<arg>${ue_id}</arg>
<doc>Converts the given item to an integer number.</doc>
<status status="PASS" start="2026-04-29T14:33:51.843829" elapsed="0.000215"/>
</kw>
<kw name="List Should Contain Value" owner="Collections">
<arg>${resp.json()['ues']}</arg>
<arg>${ue_id_int}</arg>
<doc>Fails if the ``value`` is not found from ``list``.</doc>
<status status="PASS" start="2026-04-29T14:33:51.844104" elapsed="0.000391"/>
</kw>
<arg>${10}</arg>
<status status="PASS" start="2026-04-29T14:33:51.841269" elapsed="0.003283"/>
</kw>
<kw name="Verify If UE Is Attached">
<kw name="GET On Session" owner="RequestsLibrary">
<msg time="2026-04-29T14:33:51.846851" level="INFO">GET Request : url=http://localhost:8000/ues 
 path_url=/ues 
 headers={'User-Agent': 'python-requests/2.33.1', 'Accept-Encoding': 'gzip, deflate, zstd', 'Accept': '*/*', 'Connection': 'keep-alive'} 
 body=None 
 </msg>
<msg time="2026-04-29T14:33:51.846889" level="INFO">GET Response : url=http://localhost:8000/ues 
 status=200, reason=OK 
 headers={'date': 'Wed, 29 Apr 2026 12:33:51 GMT', 'server': 'uvicorn', 'content-length': '15', 'content-type': 'application/json'} 
 body={"ues":[10,11]} 
 </msg>
<msg time="2026-04-29T14:33:51.846947" level="INFO">${resp} = &lt;Response [200]&gt;</msg>
<var>${resp}</var>
<arg>epc_api</arg>
<arg>/ues</arg>
<doc>Sends a GET request on a previously created HTTP Session.</doc>
<status status="PASS" start="2026-04-29T14:33:51.845006" elapsed="0.001957"/>
</kw>
<kw name="Convert To Integer" owner="BuiltIn">
<msg time="2026-04-29T14:33:51.847219" level="INFO">${ue_id_int} = 11</msg>
<var>${ue_id_int}</var>
<arg>${ue_id}</arg>
<doc>Converts the given item to an integer number.</doc>
<status status="PASS" start="2026-04-29T14:33:51.847031" elapsed="0.000205"/>
</kw>
<kw name="List Should Contain Value" owner="Collections">
<arg>${resp.json()['ues']}</arg>
<arg>${ue_id_int}</arg>
<doc>Fails if the ``value`` is not found from ``list``.</doc>
<status status="PASS" start="2026-04-29T14:33:51.847293" elapsed="0.000362"/>
</kw>
<arg>${11}</arg>
<status status="PASS" start="2026-04-29T14:33:51.844704" elapsed="0.002992"/>
</kw>
<doc>Verify that multiple UEs can exist in the network simultaneously.</doc>
<status status="PASS" start="2026-04-29T14:33:51.720208" elapsed="0.127644"/>
</test>
<doc>Suite for UE Attach functionality.</doc>
<status status="FAIL" start="2026-04-29T14:33:51.115800" elapsed="0.732472"/>
</suite>
<suite id="s1-s2" name="Detach Ue From Network" source="C:\Users\krlcz\Informatyka\SEM6\TO\testy\detach_ue_from_network.robot">
<kw name="Create Session" owner="RequestsLibrary" type="SETUP">
<msg time="2026-04-29T14:33:51.851197" level="INFO">Creating Session using : alias=epc_api, url=http://localhost:8000, headers={},                     cookies={}, auth=None, timeout=None, proxies=None, verify=False,                     debug=0 </msg>
<arg>epc_api</arg>
<arg>${BASE_URL}</arg>
<doc>Create Session: create a HTTP session to a server</doc>
<status status="PASS" start="2026-04-29T14:33:51.851101" elapsed="0.000197"/>
</kw>
<test id="s1-s2-t1" name="TC-2-001: Succeed to detach UE with minimum valid ID" line="17">
<kw name="Reset EPC Simulator" type="SETUP">
<kw name="POST On Session" owner="RequestsLibrary">
<msg time="2026-04-29T14:33:51.874245" level="INFO">POST Request : url=http://localhost:8000/reset 
 path_url=/reset 
 headers={'User-Agent': 'python-requests/2.33.1', 'Accept-Encoding': 'gzip, deflate, zstd', 'Accept': '*/*', 'Connection': 'keep-alive', 'Content-Length': '0'} 
 body=None 
 </msg>
<msg time="2026-04-29T14:33:51.874306" level="INFO">POST Response : url=http://localhost:8000/reset 
 status=200, reason=OK 
 headers={'date': 'Wed, 29 Apr 2026 12:33:51 GMT', 'server': 'uvicorn', 'content-length': '18', 'content-type': 'application/json'} 
 body={"status":"reset"} 
 </msg>
<arg>epc_api</arg>
<arg>/reset</arg>
<doc>Sends a POST request on a previously created HTTP Session.</doc>
<status status="PASS" start="2026-04-29T14:33:51.851798" elapsed="0.022555"/>
</kw>
<status status="PASS" start="2026-04-29T14:33:51.851670" elapsed="0.022742"/>
</kw>
<kw name="Attach UE To Network">
<kw name="Create Dictionary" owner="BuiltIn">
<msg time="2026-04-29T14:33:51.875148" level="INFO">${body} = {'ue_id': 0}</msg>
<var>${body}</var>
<arg>ue_id=${ue_id}</arg>
<doc>Creates and returns a dictionary based on the given ``items``.</doc>
<status status="PASS" start="2026-04-29T14:33:51.874881" elapsed="0.000285"/>
</kw>
<kw name="POST On Session" owner="RequestsLibrary">
<msg time="2026-04-29T14:33:51.918890" level="INFO">POST Request : url=http://localhost:8000/ues 
 path_url=/ues 
 headers={'User-Agent': 'python-requests/2.33.1', 'Accept-Encoding': 'gzip, deflate, zstd', 'Accept': '*/*', 'Connection': 'keep-alive', 'Content-Length': '12', 'Content-Type': 'application/json'} 
 body=b'{"ue_id": 0}' 
 </msg>
<msg time="2026-04-29T14:33:51.918946" level="INFO">POST Response : url=http://localhost:8000/ues 
 status=422, reason=Unprocessable Entity 
 headers={'date': 'Wed, 29 Apr 2026 12:33:51 GMT', 'server': 'uvicorn', 'content-length': '141', 'content-type': 'application/json'} 
 body={"detail":[{"type":"greater_than_equal","loc":["body","ue_id"],"msg":"Input should be greater than or equal to 1","input":0,"ctx":{"ge":1}}]} 
 </msg>
<msg time="2026-04-29T14:33:51.919041" level="FAIL">HTTPError: 422 Client Error: Unprocessable Entity for url: http://localhost:8000/ues</msg>
<arg>epc_api</arg>
<arg>/ues</arg>
<arg>json=${body}</arg>
<doc>Sends a POST request on a previously created HTTP Session.</doc>
<status status="FAIL" start="2026-04-29T14:33:51.875228" elapsed="0.044353">HTTPError: 422 Client Error: Unprocessable Entity for url: http://localhost:8000/ues</status>
</kw>
<arg>${MIN_VALID_UE_ID}</arg>
<status status="FAIL" start="2026-04-29T14:33:51.874656" elapsed="0.045023">HTTPError: 422 Client Error: Unprocessable Entity for url: http://localhost:8000/ues</status>
</kw>
<kw name="Detach UE From Network">
<arg>${MIN_VALID_UE_ID}</arg>
<status status="NOT RUN" start="2026-04-29T14:33:51.919927" elapsed="0.000021"/>
</kw>
<kw name="Verify If UE Is Not Attached">
<arg>${MIN_VALID_UE_ID}</arg>
<status status="NOT RUN" start="2026-04-29T14:33:51.920117" elapsed="0.000018"/>
</kw>
<doc>Verify successful detachment for the lowest allowed UE ID 0.</doc>
<status status="FAIL" start="2026-04-29T14:33:51.851342" elapsed="0.068987">HTTPError: 422 Client Error: Unprocessable Entity for url: http://localhost:8000/ues</status>
</test>
<test id="s1-s2-t2" name="TC-2-002: Succeed to detach UE with maximum valid ID" line="23">
<kw name="Reset EPC Simulator" type="SETUP">
<kw name="POST On Session" owner="RequestsLibrary">
<msg time="2026-04-29T14:33:51.923845" level="INFO">POST Request : url=http://localhost:8000/reset 
 path_url=/reset 
 headers={'User-Agent': 'python-requests/2.33.1', 'Accept-Encoding': 'gzip, deflate, zstd', 'Accept': '*/*', 'Connection': 'keep-alive', 'Content-Length': '0'} 
 body=None 
 </msg>
<msg time="2026-04-29T14:33:51.923900" level="INFO">POST Response : url=http://localhost:8000/reset 
 status=200, reason=OK 
 headers={'date': 'Wed, 29 Apr 2026 12:33:51 GMT', 'server': 'uvicorn', 'content-length': '18', 'content-type': 'application/json'} 
 body={"status":"reset"} 
 </msg>
<arg>epc_api</arg>
<arg>/reset</arg>
<doc>Sends a POST request on a previously created HTTP Session.</doc>
<status status="PASS" start="2026-04-29T14:33:51.921176" elapsed="0.002783"/>
</kw>
<status status="PASS" start="2026-04-29T14:33:51.921012" elapsed="0.003008"/>
</kw>
<kw name="Attach UE To Network">
<kw name="Create Dictionary" owner="BuiltIn">
<msg time="2026-04-29T14:33:51.924653" level="INFO">${body} = {'ue_id': 100}</msg>
<var>${body}</var>
<arg>ue_id=${ue_id}</arg>
<doc>Creates and returns a dictionary based on the given ``items``.</doc>
<status status="PASS" start="2026-04-29T14:33:51.924401" elapsed="0.000271"/>
</kw>
<kw name="POST On Session" owner="RequestsLibrary">
<msg time="2026-04-29T14:33:51.977950" level="INFO">POST Request : url=http://localhost:8000/ues 
 path_url=/ues 
 headers={'User-Agent': 'python-requests/2.33.1', 'Accept-Encoding': 'gzip, deflate, zstd', 'Accept': '*/*', 'Connection': 'keep-alive', 'Content-Length': '14', 'Content-Type': 'application/json'} 
 body=b'{"ue_id": 100}' 
 </msg>
<msg time="2026-04-29T14:33:51.978004" level="INFO">POST Response : url=http://localhost:8000/ues 
 status=200, reason=OK 
 headers={'date': 'Wed, 29 Apr 2026 12:33:51 GMT', 'server': 'uvicorn', 'content-length': '33', 'content-type': 'application/json'} 
 body={"status":"attached","ue_id":100} 
 </msg>
<arg>epc_api</arg>
<arg>/ues</arg>
<arg>json=${body}</arg>
<doc>Sends a POST request on a previously created HTTP Session.</doc>
<status status="PASS" start="2026-04-29T14:33:51.924732" elapsed="0.053352"/>
</kw>
<arg>${MAX_VALID_UE_ID}</arg>
<status status="PASS" start="2026-04-29T14:33:51.924213" elapsed="0.053928"/>
</kw>
<kw name="Detach UE From Network">
<kw name="DELETE On Session" owner="RequestsLibrary">
<msg time="2026-04-29T14:33:51.990159" level="INFO">DELETE Request : url=http://localhost:8000/ues/100 
 path_url=/ues/100 
 headers={'User-Agent': 'python-requests/2.33.1', 'Accept-Encoding': 'gzip, deflate, zstd', 'Accept': '*/*', 'Connection': 'keep-alive', 'Content-Length': '0'} 
 body=None 
 </msg>
<msg time="2026-04-29T14:33:51.990210" level="INFO">DELETE Response : url=http://localhost:8000/ues/100 
 status=200, reason=OK 
 headers={'date': 'Wed, 29 Apr 2026 12:33:51 GMT', 'server': 'uvicorn', 'content-length': '33', 'content-type': 'application/json'} 
 body={"status":"detached","ue_id":100} 
 </msg>
<msg time="2026-04-29T14:33:51.990300" level="INFO">${resp} = &lt;Response [200]&gt;</msg>
<var>${resp}</var>
<arg>epc_api</arg>
<arg>/ues/${ue_id}</arg>
<doc>Sends a DELETE request on a previously created HTTP Session.</doc>
<status status="PASS" start="2026-04-29T14:33:51.978583" elapsed="0.011734"/>
</kw>
<kw name="Should Be Equal As Integers" owner="BuiltIn">
<msg time="2026-04-29T14:33:51.990868" level="INFO">Argument types are:
&lt;class 'int'&gt;
&lt;class 'str'&gt;</msg>
<arg>${resp.status_code}</arg>
<arg>200</arg>
<doc>Fails if objects are unequal after converting them to integers.</doc>
<status status="PASS" start="2026-04-29T14:33:51.990414" elapsed="0.000496"/>
</kw>
<arg>${MAX_VALID_UE_ID}</arg>
<status status="PASS" start="2026-04-29T14:33:51.978369" elapsed="0.012584"/>
</kw>
<kw name="Verify If UE Is Not Attached">
<kw name="GET On Session" owner="RequestsLibrary">
<msg time="2026-04-29T14:33:51.993384" level="INFO">GET Request : url=http://localhost:8000/ues 
 path_url=/ues 
 headers={'User-Agent': 'python-requests/2.33.1', 'Accept-Encoding': 'gzip, deflate, zstd', 'Accept': '*/*', 'Connection': 'keep-alive'} 
 body=None 
 </msg>
<msg time="2026-04-29T14:33:51.993421" level="INFO">GET Response : url=http://localhost:8000/ues 
 status=200, reason=OK 
 headers={'date': 'Wed, 29 Apr 2026 12:33:51 GMT', 'server': 'uvicorn', 'content-length': '10', 'content-type': 'application/json'} 
 body={"ues":[]} 
 </msg>
<msg time="2026-04-29T14:33:51.993493" level="INFO">${resp} = &lt;Response [200]&gt;</msg>
<var>${resp}</var>
<arg>epc_api</arg>
<arg>/ues</arg>
<doc>Sends a GET request on a previously created HTTP Session.</doc>
<status status="PASS" start="2026-04-29T14:33:51.991346" elapsed="0.002165"/>
</kw>
<kw name="Convert To Integer" owner="BuiltIn">
<msg time="2026-04-29T14:33:51.993786" level="INFO">${ue_id_int} = 100</msg>
<var>${ue_id_int}</var>
<arg>${ue_id}</arg>
<doc>Converts the given item to an integer number.</doc>
<status status="PASS" start="2026-04-29T14:33:51.993586" elapsed="0.000215"/>
</kw>
<kw name="List Should Not Contain Value" owner="Collections">
<arg>${resp.json()['ues']}</arg>
<arg>${ue_id_int}</arg>
<doc>Fails if the ``value`` is found from ``list``.</doc>
<status status="PASS" start="2026-04-29T14:33:51.993862" elapsed="0.000521"/>
</kw>
<arg>${MAX_VALID_UE_ID}</arg>
<status status="PASS" start="2026-04-29T14:33:51.991162" elapsed="0.003267"/>
</kw>
<doc>Verify successful detachment for the highest allowed UE ID 100.</doc>
<status status="PASS" start="2026-04-29T14:33:51.920671" elapsed="0.073917"/>
</test>
<test id="s1-s2-t3" name="TC-2-003: Fail when detaching UE with ID just below minimum" line="29">
<kw name="Reset EPC Simulator" type="SETUP">
<kw name="POST On Session" owner="RequestsLibrary">
<msg time="2026-04-29T14:33:51.997116" level="INFO">POST Request : url=http://localhost:8000/reset 
 path_url=/reset 
 headers={'User-Agent': 'python-requests/2.33.1', 'Accept-Encoding': 'gzip, deflate, zstd', 'Accept': '*/*', 'Connection': 'keep-alive', 'Content-Length': '0'} 
 body=None 
 </msg>
<msg time="2026-04-29T14:33:51.997153" level="INFO">POST Response : url=http://localhost:8000/reset 
 status=200, reason=OK 
 headers={'date': 'Wed, 29 Apr 2026 12:33:51 GMT', 'server': 'uvicorn', 'content-length': '18', 'content-type': 'application/json'} 
 body={"status":"reset"} 
 </msg>
<arg>epc_api</arg>
<arg>/reset</arg>
<doc>Sends a POST request on a previously created HTTP Session.</doc>
<status status="PASS" start="2026-04-29T14:33:51.995270" elapsed="0.001918"/>
</kw>
<status status="PASS" start="2026-04-29T14:33:51.995138" elapsed="0.002092"/>
</kw>
<kw name="Attempt To Detach UE With Out Of Range ID">
<kw name="DELETE On Session" owner="RequestsLibrary">
<msg time="2026-04-29T14:33:51.999579" level="INFO">DELETE Request : url=http://localhost:8000/ues/-1 
 path_url=/ues/-1 
 headers={'User-Agent': 'python-requests/2.33.1', 'Accept-Encoding': 'gzip, deflate, zstd', 'Accept': '*/*', 'Connection': 'keep-alive', 'Content-Length': '0'} 
 body=None 
 </msg>
<msg time="2026-04-29T14:33:51.999618" level="INFO">DELETE Response : url=http://localhost:8000/ues/-1 
 status=400, reason=Bad Request 
 headers={'date': 'Wed, 29 Apr 2026 12:33:51 GMT', 'server': 'uvicorn', 'content-length': '25', 'content-type': 'application/json'} 
 body={"detail":"UE not found"} 
 </msg>
<arg>epc_api</arg>
<arg>/ues/${ue_id}</arg>
<arg>expected_status=400</arg>
<doc>Sends a DELETE request on a previously created HTTP Session.</doc>
<status status="PASS" start="2026-04-29T14:33:51.997557" elapsed="0.002106"/>
</kw>
<arg>${MIN_INVALID_UE_ID}</arg>
<status status="PASS" start="2026-04-29T14:33:51.997392" elapsed="0.002315"/>
</kw>
<doc>Verify validation error when UE ID is -1 during detach.</doc>
<status status="PASS" start="2026-04-29T14:33:51.994815" elapsed="0.005025"/>
</test>
<test id="s1-s2-t4" name="TC-2-004: Fail when detaching UE with ID just above maximum" line="33">
<kw name="Reset EPC Simulator" type="SETUP">
<kw name="POST On Session" owner="RequestsLibrary">
<msg time="2026-04-29T14:33:52.002792" level="INFO">POST Request : url=http://localhost:8000/reset 
 path_url=/reset 
 headers={'User-Agent': 'python-requests/2.33.1', 'Accept-Encoding': 'gzip, deflate, zstd', 'Accept': '*/*', 'Connection': 'keep-alive', 'Content-Length': '0'} 
 body=None 
 </msg>
<msg time="2026-04-29T14:33:52.002828" level="INFO">POST Response : url=http://localhost:8000/reset 
 status=200, reason=OK 
 headers={'date': 'Wed, 29 Apr 2026 12:33:51 GMT', 'server': 'uvicorn', 'content-length': '18', 'content-type': 'application/json'} 
 body={"status":"reset"} 
 </msg>
<arg>epc_api</arg>
<arg>/reset</arg>
<doc>Sends a POST request on a previously created HTTP Session.</doc>
<status status="PASS" start="2026-04-29T14:33:52.000754" elapsed="0.002114"/>
</kw>
<status status="PASS" start="2026-04-29T14:33:52.000599" elapsed="0.002310"/>
</kw>
<kw name="Attempt To Detach UE With Out Of Range ID">
<kw name="DELETE On Session" owner="RequestsLibrary">
<msg time="2026-04-29T14:33:52.005182" level="INFO">DELETE Request : url=http://localhost:8000/ues/101 
 path_url=/ues/101 
 headers={'User-Agent': 'python-requests/2.33.1', 'Accept-Encoding': 'gzip, deflate, zstd', 'Accept': '*/*', 'Connection': 'keep-alive', 'Content-Length': '0'} 
 body=None 
 </msg>
<msg time="2026-04-29T14:33:52.005220" level="INFO">DELETE Response : url=http://localhost:8000/ues/101 
 status=400, reason=Bad Request 
 headers={'date': 'Wed, 29 Apr 2026 12:33:51 GMT', 'server': 'uvicorn', 'content-length': '25', 'content-type': 'application/json'} 
 body={"detail":"UE not found"} 
 </msg>
<arg>epc_api</arg>
<arg>/ues/${ue_id}</arg>
<arg>expected_status=400</arg>
<doc>Sends a DELETE request on a previously created HTTP Session.</doc>
<status status="PASS" start="2026-04-29T14:33:52.003377" elapsed="0.001886"/>
</kw>
<arg>${MAX_INVALID_UE_ID}</arg>
<status status="PASS" start="2026-04-29T14:33:52.003181" elapsed="0.002125"/>
</kw>
<doc>Verify validation error when UE ID is 101 during detach.</doc>
<status status="PASS" start="2026-04-29T14:33:52.000204" elapsed="0.005264"/>
</test>
<test id="s1-s2-t5" name="TC-2-005: Fail when detaching UE with string ID" line="37">
<kw name="Reset EPC Simulator" type="SETUP">
<kw name="POST On Session" owner="RequestsLibrary">
<msg time="2026-04-29T14:33:52.008197" level="INFO">POST Request : url=http://localhost:8000/reset 
 path_url=/reset 
 headers={'User-Agent': 'python-requests/2.33.1', 'Accept-Encoding': 'gzip, deflate, zstd', 'Accept': '*/*', 'Connection': 'keep-alive', 'Content-Length': '0'} 
 body=None 
 </msg>
<msg time="2026-04-29T14:33:52.008236" level="INFO">POST Response : url=http://localhost:8000/reset 
 status=200, reason=OK 
 headers={'date': 'Wed, 29 Apr 2026 12:33:51 GMT', 'server': 'uvicorn', 'content-length': '18', 'content-type': 'application/json'} 
 body={"status":"reset"} 
 </msg>
<arg>epc_api</arg>
<arg>/reset</arg>
<doc>Sends a POST request on a previously created HTTP Session.</doc>
<status status="PASS" start="2026-04-29T14:33:52.006245" elapsed="0.002033"/>
</kw>
<status status="PASS" start="2026-04-29T14:33:52.006109" elapsed="0.002212"/>
</kw>
<kw name="Attempt To Detach UE With Invalid ID Type">
<kw name="DELETE On Session" owner="RequestsLibrary">
<msg time="2026-04-29T14:33:52.010470" level="INFO">DELETE Request : url=http://localhost:8000/ues/invalid_id 
 path_url=/ues/invalid_id 
 headers={'User-Agent': 'python-requests/2.33.1', 'Accept-Encoding': 'gzip, deflate, zstd', 'Accept': '*/*', 'Connection': 'keep-alive', 'Content-Length': '0'} 
 body=None 
 </msg>
<msg time="2026-04-29T14:33:52.010527" level="INFO">DELETE Response : url=http://localhost:8000/ues/invalid_id 
 status=422, reason=Unprocessable Entity 
 headers={'date': 'Wed, 29 Apr 2026 12:33:51 GMT', 'server': 'uvicorn', 'content-length': '157', 'content-type': 'application/json'} 
 body={"detail":[{"type":"int_parsing","loc":["path","ue_id"],"msg":"Input should be a valid integer, unable to parse string as an integer","input":"invalid_id"}]} 
 </msg>
<arg>epc_api</arg>
<arg>/ues/${ue_id}</arg>
<arg>expected_status=422</arg>
<doc>Sends a DELETE request on a previously created HTTP Session.</doc>
<status status="PASS" start="2026-04-29T14:33:52.008686" elapsed="0.001927"/>
</kw>
<arg>${STRING_UE_ID}</arg>
<status status="PASS" start="2026-04-29T14:33:52.008505" elapsed="0.002216"/>
</kw>
<doc>Verify validation error when UE ID is a string.</doc>
<status status="PASS" start="2026-04-29T14:33:52.005800" elapsed="0.005119"/>
</test>
<test id="s1-s2-t6" name="TC-2-006: Fail when UE ID is not provided" line="41">
<kw name="Reset EPC Simulator" type="SETUP">
<kw name="POST On Session" owner="RequestsLibrary">
<msg time="2026-04-29T14:33:52.014688" level="INFO">POST Request : url=http://localhost:8000/reset 
 path_url=/reset 
 headers={'User-Agent': 'python-requests/2.33.1', 'Accept-Encoding': 'gzip, deflate, zstd', 'Accept': '*/*', 'Connection': 'keep-alive', 'Content-Length': '0'} 
 body=None 
 </msg>
<msg time="2026-04-29T14:33:52.014733" level="INFO">POST Response : url=http://localhost:8000/reset 
 status=200, reason=OK 
 headers={'date': 'Wed, 29 Apr 2026 12:33:51 GMT', 'server': 'uvicorn', 'content-length': '18', 'content-type': 'application/json'} 
 body={"status":"reset"} 
 </msg>
<arg>epc_api</arg>
<arg>/reset</arg>
<doc>Sends a POST request on a previously created HTTP Session.</doc>
<status status="PASS" start="2026-04-29T14:33:52.012202" elapsed="0.002591"/>
</kw>
<status status="PASS" start="2026-04-29T14:33:52.012021" elapsed="0.002910"/>
</kw>
<kw name="Attempt To Detach Without ID">
<kw name="DELETE On Session" owner="RequestsLibrary">
<msg time="2026-04-29T14:33:52.018881" level="INFO">DELETE Request : url=http://localhost:8000/ues/ (redirected) 
 path_url=/ues/ 
 headers={'User-Agent': 'python-requests/2.33.1', 'Accept-Encoding': 'gzip, deflate, zstd', 'Accept': '*/*', 'Connection': 'keep-alive', 'Content-Length': '0'} 
 body=None 
 </msg>
<msg time="2026-04-29T14:33:52.018930" level="INFO">DELETE Response : url=http://localhost:8000/ues 
 status=405, reason=Method Not Allowed 
 headers={'date': 'Wed, 29 Apr 2026 12:33:51 GMT', 'server': 'uvicorn', 'allow': 'GET', 'content-length': '31', 'content-type': 'application/json'} 
 body={"detail":"Method Not Allowed"} 
 </msg>
<arg>epc_api</arg>
<arg>/ues/</arg>
<arg>expected_status=405</arg>
<doc>Sends a DELETE request on a previously created HTTP Session.</doc>
<status status="PASS" start="2026-04-29T14:33:52.015331" elapsed="0.003651"/>
</kw>
<status status="PASS" start="2026-04-29T14:33:52.015161" elapsed="0.003875"/>
</kw>
<doc>Verify Method Not Allowed when ID is missing from the URL path.</doc>
<status status="PASS" start="2026-04-29T14:33:52.011461" elapsed="0.007775"/>
</test>
<test id="s1-s2-t7" name="TC-2-007: Fail when UE is not connected" line="45">
<kw name="Reset EPC Simulator" type="SETUP">
<kw name="POST On Session" owner="RequestsLibrary">
<msg time="2026-04-29T14:33:52.022626" level="INFO">POST Request : url=http://localhost:8000/reset 
 path_url=/reset 
 headers={'User-Agent': 'python-requests/2.33.1', 'Accept-Encoding': 'gzip, deflate, zstd', 'Accept': '*/*', 'Connection': 'keep-alive', 'Content-Length': '0'} 
 body=None 
 </msg>
<msg time="2026-04-29T14:33:52.022668" level="INFO">POST Response : url=http://localhost:8000/reset 
 status=200, reason=OK 
 headers={'date': 'Wed, 29 Apr 2026 12:33:51 GMT', 'server': 'uvicorn', 'content-length': '18', 'content-type': 'application/json'} 
 body={"status":"reset"} 
 </msg>
<arg>epc_api</arg>
<arg>/reset</arg>
<doc>Sends a POST request on a previously created HTTP Session.</doc>
<status status="PASS" start="2026-04-29T14:33:52.020313" elapsed="0.002403"/>
</kw>
<status status="PASS" start="2026-04-29T14:33:52.020108" elapsed="0.002653"/>
</kw>
<kw name="Attempt To Detach Unconnected UE">
<kw name="DELETE On Session" owner="RequestsLibrary">
<msg time="2026-04-29T14:33:52.025386" level="INFO">DELETE Request : url=http://localhost:8000/ues/50 
 path_url=/ues/50 
 headers={'User-Agent': 'python-requests/2.33.1', 'Accept-Encoding': 'gzip, deflate, zstd', 'Accept': '*/*', 'Connection': 'keep-alive', 'Content-Length': '0'} 
 body=None 
 </msg>
<msg time="2026-04-29T14:33:52.025426" level="INFO">DELETE Response : url=http://localhost:8000/ues/50 
 status=400, reason=Bad Request 
 headers={'date': 'Wed, 29 Apr 2026 12:33:51 GMT', 'server': 'uvicorn', 'content-length': '25', 'content-type': 'application/json'} 
 body={"detail":"UE not found"} 
 </msg>
<arg>epc_api</arg>
<arg>/ues/${ue_id}</arg>
<arg>expected_status=400</arg>
<doc>Sends a DELETE request on a previously created HTTP Session.</doc>
<status status="PASS" start="2026-04-29T14:33:52.023276" elapsed="0.002197"/>
</kw>
<arg>${50}</arg>
<status status="PASS" start="2026-04-29T14:33:52.022940" elapsed="0.002579"/>
</kw>
<doc>Verify bad request error when trying to detach a UE that is not in the network.</doc>
<status status="PASS" start="2026-04-29T14:33:52.019691" elapsed="0.005978"/>
</test>
<test id="s1-s2-t8" name="TC-2-008: Succeed to re-attach UE after successful detach" line="49">
<kw name="Reset EPC Simulator" type="SETUP">
<kw name="POST On Session" owner="RequestsLibrary">
<msg time="2026-04-29T14:33:52.028754" level="INFO">POST Request : url=http://localhost:8000/reset 
 path_url=/reset 
 headers={'User-Agent': 'python-requests/2.33.1', 'Accept-Encoding': 'gzip, deflate, zstd', 'Accept': '*/*', 'Connection': 'keep-alive', 'Content-Length': '0'} 
 body=None 
 </msg>
<msg time="2026-04-29T14:33:52.028796" level="INFO">POST Response : url=http://localhost:8000/reset 
 status=200, reason=OK 
 headers={'date': 'Wed, 29 Apr 2026 12:33:51 GMT', 'server': 'uvicorn', 'content-length': '18', 'content-type': 'application/json'} 
 body={"status":"reset"} 
 </msg>
<arg>epc_api</arg>
<arg>/reset</arg>
<doc>Sends a POST request on a previously created HTTP Session.</doc>
<status status="PASS" start="2026-04-29T14:33:52.026534" elapsed="0.002304"/>
</kw>
<status status="PASS" start="2026-04-29T14:33:52.026385" elapsed="0.002514"/>
</kw>
<kw name="Attach UE To Network">
<kw name="Create Dictionary" owner="BuiltIn">
<msg time="2026-04-29T14:33:52.029680" level="INFO">${body} = {'ue_id': 10}</msg>
<var>${body}</var>
<arg>ue_id=${ue_id}</arg>
<doc>Creates and returns a dictionary based on the given ``items``.</doc>
<status status="PASS" start="2026-04-29T14:33:52.029428" elapsed="0.000269"/>
</kw>
<kw name="POST On Session" owner="RequestsLibrary">
<msg time="2026-04-29T14:33:52.082234" level="INFO">POST Request : url=http://localhost:8000/ues 
 path_url=/ues 
 headers={'User-Agent': 'python-requests/2.33.1', 'Accept-Encoding': 'gzip, deflate, zstd', 'Accept': '*/*', 'Connection': 'keep-alive', 'Content-Length': '13', 'Content-Type': 'application/json'} 
 body=b'{"ue_id": 10}' 
 </msg>
<msg time="2026-04-29T14:33:52.082293" level="INFO">POST Response : url=http://localhost:8000/ues 
 status=200, reason=OK 
 headers={'date': 'Wed, 29 Apr 2026 12:33:51 GMT', 'server': 'uvicorn', 'content-length': '32', 'content-type': 'application/json'} 
 body={"status":"attached","ue_id":10} 
 </msg>
<arg>epc_api</arg>
<arg>/ues</arg>
<arg>json=${body}</arg>
<doc>Sends a POST request on a previously created HTTP Session.</doc>
<status status="PASS" start="2026-04-29T14:33:52.029757" elapsed="0.052591"/>
</kw>
<arg>${10}</arg>
<status status="PASS" start="2026-04-29T14:33:52.029090" elapsed="0.053319"/>
</kw>
<kw name="Detach UE From Network">
<kw name="DELETE On Session" owner="RequestsLibrary">
<msg time="2026-04-29T14:33:52.093817" level="INFO">DELETE Request : url=http://localhost:8000/ues/10 
 path_url=/ues/10 
 headers={'User-Agent': 'python-requests/2.33.1', 'Accept-Encoding': 'gzip, deflate, zstd', 'Accept': '*/*', 'Connection': 'keep-alive', 'Content-Length': '0'} 
 body=None 
 </msg>
<msg time="2026-04-29T14:33:52.093856" level="INFO">DELETE Response : url=http://localhost:8000/ues/10 
 status=200, reason=OK 
 headers={'date': 'Wed, 29 Apr 2026 12:33:51 GMT', 'server': 'uvicorn', 'content-length': '32', 'content-type': 'application/json'} 
 body={"status":"detached","ue_id":10} 
 </msg>
<msg time="2026-04-29T14:33:52.093928" level="INFO">${resp} = &lt;Response [200]&gt;</msg>
<var>${resp}</var>
<arg>epc_api</arg>
<arg>/ues/${ue_id}</arg>
<doc>Sends a DELETE request on a previously created HTTP Session.</doc>
<status status="PASS" start="2026-04-29T14:33:52.083015" elapsed="0.010929"/>
</kw>
<kw name="Should Be Equal As Integers" owner="BuiltIn">
<msg time="2026-04-29T14:33:52.094452" level="INFO">Argument types are:
&lt;class 'int'&gt;
&lt;class 'str'&gt;</msg>
<arg>${resp.status_code}</arg>
<arg>200</arg>
<doc>Fails if objects are unequal after converting them to integers.</doc>
<status status="PASS" start="2026-04-29T14:33:52.094023" elapsed="0.000467"/>
</kw>
<arg>${10}</arg>
<status status="PASS" start="2026-04-29T14:33:52.082652" elapsed="0.011921"/>
</kw>
<kw name="Attach UE To Network">
<kw name="Create Dictionary" owner="BuiltIn">
<msg time="2026-04-29T14:33:52.095351" level="INFO">${body} = {'ue_id': 10}</msg>
<var>${body}</var>
<arg>ue_id=${ue_id}</arg>
<doc>Creates and returns a dictionary based on the given ``items``.</doc>
<status status="PASS" start="2026-04-29T14:33:52.095122" elapsed="0.000247"/>
</kw>
<kw name="POST On Session" owner="RequestsLibrary">
<msg time="2026-04-29T14:33:52.148101" level="INFO">POST Request : url=http://localhost:8000/ues 
 path_url=/ues 
 headers={'User-Agent': 'python-requests/2.33.1', 'Accept-Encoding': 'gzip, deflate, zstd', 'Accept': '*/*', 'Connection': 'keep-alive', 'Content-Length': '13', 'Content-Type': 'application/json'} 
 body=b'{"ue_id": 10}' 
 </msg>
<msg time="2026-04-29T14:33:52.148165" level="INFO">POST Response : url=http://localhost:8000/ues 
 status=200, reason=OK 
 headers={'date': 'Wed, 29 Apr 2026 12:33:51 GMT', 'server': 'uvicorn', 'content-length': '32', 'content-type': 'application/json'} 
 body={"status":"attached","ue_id":10} 
 </msg>
<arg>epc_api</arg>
<arg>/ues</arg>
<arg>json=${body}</arg>
<doc>Sends a POST request on a previously created HTTP Session.</doc>
<status status="PASS" start="2026-04-29T14:33:52.095430" elapsed="0.052791"/>
</kw>
<arg>${10}</arg>
<status status="PASS" start="2026-04-29T14:33:52.094801" elapsed="0.053497"/>
</kw>
<kw name="Verify If UE Is Attached">
<kw name="GET On Session" owner="RequestsLibrary">
<msg time="2026-04-29T14:33:52.151420" level="INFO">GET Request : url=http://localhost:8000/ues 
 path_url=/ues 
 headers={'User-Agent': 'python-requests/2.33.1', 'Accept-Encoding': 'gzip, deflate, zstd', 'Accept': '*/*', 'Connection': 'keep-alive'} 
 body=None 
 </msg>
<msg time="2026-04-29T14:33:52.151459" level="INFO">GET Response : url=http://localhost:8000/ues 
 status=200, reason=OK 
 headers={'date': 'Wed, 29 Apr 2026 12:33:52 GMT', 'server': 'uvicorn', 'content-length': '12', 'content-type': 'application/json'} 
 body={"ues":[10]} 
 </msg>
<msg time="2026-04-29T14:33:52.151529" level="INFO">${resp} = &lt;Response [200]&gt;</msg>
<var>${resp}</var>
<arg>epc_api</arg>
<arg>/ues</arg>
<doc>Sends a GET request on a previously created HTTP Session.</doc>
<status status="PASS" start="2026-04-29T14:33:52.149114" elapsed="0.002432"/>
</kw>
<kw name="Convert To Integer" owner="BuiltIn">
<msg time="2026-04-29T14:33:52.151844" level="INFO">${ue_id_int} = 10</msg>
<var>${ue_id_int}</var>
<arg>${ue_id}</arg>
<doc>Converts the given item to an integer number.</doc>
<status status="PASS" start="2026-04-29T14:33:52.151623" elapsed="0.000238"/>
</kw>
<kw name="List Should Contain Value" owner="Collections">
<arg>${resp.json()['ues']}</arg>
<arg>${ue_id_int}</arg>
<doc>Fails if the ``value`` is not found from ``list``.</doc>
<status status="PASS" start="2026-04-29T14:33:52.151920" elapsed="0.000438"/>
</kw>
<arg>${10}</arg>
<status status="PASS" start="2026-04-29T14:33:52.148586" elapsed="0.003824"/>
</kw>
<doc>Verify state transition: Attach -&gt; Detach -&gt; Attach successfully.</doc>
<status status="PASS" start="2026-04-29T14:33:52.026021" elapsed="0.126562"/>
</test>
<doc>Suite for UE Detach functionality.</doc>
<status status="FAIL" start="2026-04-29T14:33:51.848904" elapsed="0.304029"/>
</suite>
<suite id="s1-s3" name="Ue Traffic" source="C:\Users\krlcz\Informatyka\SEM6\TO\testy\ue_traffic.robot">
<kw name="Create API Session" owner="shared_keywords" type="SETUP">
<kw name="Create Session" owner="RequestsLibrary">
<msg time="2026-04-29T14:33:52.156945" level="INFO">Creating Session using : alias=ue_api, url=http://127.0.0.1:8000, headers={},                     cookies={}, auth=None, timeout=None, proxies=None, verify=False,                     debug=0 </msg>
<arg>ue_api</arg>
<arg>${BASE_URL}</arg>
<doc>Create Session: create a HTTP session to a server</doc>
<status status="PASS" start="2026-04-29T14:33:52.156859" elapsed="0.000249"/>
</kw>
<doc>Create HTTP session for API calls</doc>
<status status="PASS" start="2026-04-29T14:33:52.156721" elapsed="0.000437"/>
</kw>
<test id="s1-s3-t1" name="TC-3-001 Start transfer only in DL" line="15">
<kw name="Reset API State" owner="shared_keywords" type="SETUP">
<kw name="POST On Session" owner="RequestsLibrary">
<msg time="2026-04-29T14:33:52.170240" level="INFO">POST Request : url=http://127.0.0.1:8000/reset 
 path_url=/reset 
 headers={'User-Agent': 'python-requests/2.33.1', 'Accept-Encoding': 'gzip, deflate, zstd', 'Accept': '*/*', 'Connection': 'keep-alive', 'Content-Length': '0'} 
 body=None 
 </msg>
<msg time="2026-04-29T14:33:52.170302" level="INFO">POST Response : url=http://127.0.0.1:8000/reset 
 status=200, reason=OK 
 headers={'date': 'Wed, 29 Apr 2026 12:33:52 GMT', 'server': 'uvicorn', 'content-length': '18', 'content-type': 'application/json'} 
 body={"status":"reset"} 
 </msg>
<msg time="2026-04-29T14:33:52.170390" level="INFO">${response} = &lt;Response [200]&gt;</msg>
<var>${response}</var>
<arg>ue_api</arg>
<arg>${RESET_ENDPOINT}</arg>
<doc>Sends a POST request on a previously created HTTP Session.</doc>
<status status="PASS" start="2026-04-29T14:33:52.157744" elapsed="0.012663"/>
</kw>
<doc>Reset backend state before each test</doc>
<status status="PASS" start="2026-04-29T14:33:52.157575" elapsed="0.012910"/>
</kw>
<kw name="Attach UE with ID ${VALID_UE_ID}" source_name="Attach UE with ID ${ue_id}">
<kw name="Prepare Json Headers" owner="shared_keywords">
<kw name="Create Dictionary" owner="BuiltIn">
<msg time="2026-04-29T14:33:52.171495" level="INFO">&amp;{headers} = { Content-Type=application/json }</msg>
<var>&amp;{headers}</var>
<arg>Content-Type=application/json</arg>
<doc>Creates and returns a dictionary based on the given ``items``.</doc>
<status status="PASS" start="2026-04-29T14:33:52.171255" elapsed="0.000259"/>
</kw>
<return>
<value>${headers}</value>
<status status="PASS" start="2026-04-29T14:33:52.171551" elapsed="0.000037"/>
</return>
<msg time="2026-04-29T14:33:52.171670" level="INFO">${headers} = {'Content-Type': 'application/json'}</msg>
<var>${headers}</var>
<doc>Prepare Json request headers</doc>
<status status="PASS" start="2026-04-29T14:33:52.171097" elapsed="0.000587"/>
</kw>
<kw name="Create Dictionary" owner="BuiltIn">
<msg time="2026-04-29T14:33:52.171971" level="INFO">&amp;{body} = { ue_id=1 }</msg>
<var>&amp;{body}</var>
<arg>ue_id=${ue_id}</arg>
<doc>Creates and returns a dictionary based on the given ``items``.</doc>
<status status="PASS" start="2026-04-29T14:33:52.171768" elapsed="0.000219"/>
</kw>
<kw name="Log" owner="BuiltIn">
<msg time="2026-04-29T14:33:52.172225" level="INFO">REQUEST: METHOD=POST URL=/ues BODY={'ue_id': '1'}</msg>
<arg>REQUEST: METHOD=POST URL=/ues BODY=${body}</arg>
<doc>Logs the given message with the given level.</doc>
<status status="PASS" start="2026-04-29T14:33:52.172074" elapsed="0.000178"/>
</kw>
<kw name="POST On Session" owner="RequestsLibrary">
<msg time="2026-04-29T14:33:52.184075" level="INFO">POST Request : url=http://127.0.0.1:8000/ues 
 path_url=/ues 
 headers={'User-Agent': 'python-requests/2.33.1', 'Accept-Encoding': 'gzip, deflate, zstd', 'Accept': '*/*', 'Connection': 'keep-alive', 'Content-Type': 'application/json', 'Content-Length': '14'} 
 body=b'{"ue_id": "1"}' 
 </msg>
<msg time="2026-04-29T14:33:52.184130" level="INFO">POST Response : url=http://127.0.0.1:8000/ues 
 status=200, reason=OK 
 headers={'date': 'Wed, 29 Apr 2026 12:33:52 GMT', 'server': 'uvicorn', 'content-length': '31', 'content-type': 'application/json'} 
 body={"status":"attached","ue_id":1} 
 </msg>
<msg time="2026-04-29T14:33:52.184218" level="INFO">${response} = &lt;Response [200]&gt;</msg>
<var>${response}</var>
<arg>ue_api</arg>
<arg>/ues</arg>
<arg>json=${body}</arg>
<arg>headers=${headers}</arg>
<doc>Sends a POST request on a previously created HTTP Session.</doc>
<status status="PASS" start="2026-04-29T14:33:52.172376" elapsed="0.011858"/>
</kw>
<kw name="Status Should Be" owner="RequestsLibrary">
<arg>200</arg>
<arg>${response}</arg>
<doc>Fails if response status code is different than the expected.</doc>
<status status="PASS" start="2026-04-29T14:33:52.184368" elapsed="0.000179"/>
</kw>
<status status="PASS" start="2026-04-29T14:33:52.170837" elapsed="0.013754"/>
</kw>
<kw name="Add bearer to UE ${VALID_UE_ID} with ID ${VALID_BEARER_ID}" source_name="Add bearer to UE ${ue_id} with ID ${bearer_id}">
<kw name="Prepare Json Headers" owner="shared_keywords">
<kw name="Create Dictionary" owner="BuiltIn">
<msg time="2026-04-29T14:33:52.185590" level="INFO">&amp;{headers} = { Content-Type=application/json }</msg>
<var>&amp;{headers}</var>
<arg>Content-Type=application/json</arg>
<doc>Creates and returns a dictionary based on the given ``items``.</doc>
<status status="PASS" start="2026-04-29T14:33:52.185366" elapsed="0.000243"/>
</kw>
<return>
<value>${headers}</value>
<status status="PASS" start="2026-04-29T14:33:52.185645" elapsed="0.000032"/>
</return>
<msg time="2026-04-29T14:33:52.185762" level="INFO">${headers} = {'Content-Type': 'application/json'}</msg>
<var>${headers}</var>
<doc>Prepare Json request headers</doc>
<status status="PASS" start="2026-04-29T14:33:52.185214" elapsed="0.000563"/>
</kw>
<kw name="Create Dictionary" owner="BuiltIn">
<msg time="2026-04-29T14:33:52.186064" level="INFO">&amp;{body} = { bearer_id=2 }</msg>
<var>&amp;{body}</var>
<arg>bearer_id=${bearer_id}</arg>
<doc>Creates and returns a dictionary based on the given ``items``.</doc>
<status status="PASS" start="2026-04-29T14:33:52.185860" elapsed="0.000220"/>
</kw>
<kw name="Log" owner="BuiltIn">
<msg time="2026-04-29T14:33:52.186328" level="INFO">REQUEST: METHOD=POST URL=/ues/1/bearers BODY={'bearer_id': '2'}</msg>
<arg>REQUEST: METHOD=POST URL=/ues/${ue_id}/bearers BODY=${body}</arg>
<doc>Logs the given message with the given level.</doc>
<status status="PASS" start="2026-04-29T14:33:52.186161" elapsed="0.000193"/>
</kw>
<kw name="POST On Session" owner="RequestsLibrary">
<msg time="2026-04-29T14:33:52.198168" level="INFO">POST Request : url=http://127.0.0.1:8000/ues/1/bearers 
 path_url=/ues/1/bearers 
 headers={'User-Agent': 'python-requests/2.33.1', 'Accept-Encoding': 'gzip, deflate, zstd', 'Accept': '*/*', 'Connection': 'keep-alive', 'Content-Type': 'application/json', 'Content-Length': '18'} 
 body=b'{"bearer_id": "2"}' 
 </msg>
<msg time="2026-04-29T14:33:52.198223" level="INFO">POST Response : url=http://127.0.0.1:8000/ues/1/bearers 
 status=200, reason=OK 
 headers={'date': 'Wed, 29 Apr 2026 12:33:52 GMT', 'server': 'uvicorn', 'content-length': '49', 'content-type': 'application/json'} 
 body={"status":"bearer_added","ue_id":1,"bearer_id":2} 
 </msg>
<msg time="2026-04-29T14:33:52.198308" level="INFO">${response} = &lt;Response [200]&gt;</msg>
<var>${response}</var>
<arg>ue_api</arg>
<arg>/ues/${ue_id}/bearers</arg>
<arg>json=${body}</arg>
<arg>headers=${headers}</arg>
<doc>Sends a POST request on a previously created HTTP Session.</doc>
<status status="PASS" start="2026-04-29T14:33:52.186479" elapsed="0.011847"/>
</kw>
<kw name="Status Should Be" owner="RequestsLibrary">
<arg>200</arg>
<arg>${response}</arg>
<doc>Fails if response status code is different than the expected.</doc>
<status status="PASS" start="2026-04-29T14:33:52.198456" elapsed="0.000143"/>
</kw>
<status status="PASS" start="2026-04-29T14:33:52.184951" elapsed="0.013718"/>
</kw>
<kw name="Set traffic for UE ${VALID_UE_ID} bearer ${VALID_BEARER_ID} with valid data" source_name="Set traffic for UE ${ue_id} bearer ${bearer_id} with valid data">
<kw name="Prepare Json Headers" owner="shared_keywords">
<kw name="Create Dictionary" owner="BuiltIn">
<msg time="2026-04-29T14:33:52.199728" level="INFO">&amp;{headers} = { Content-Type=application/json }</msg>
<var>&amp;{headers}</var>
<arg>Content-Type=application/json</arg>
<doc>Creates and returns a dictionary based on the given ``items``.</doc>
<status status="PASS" start="2026-04-29T14:33:52.199499" elapsed="0.000248"/>
</kw>
<return>
<value>${headers}</value>
<status status="PASS" start="2026-04-29T14:33:52.199783" elapsed="0.000028"/>
</return>
<msg time="2026-04-29T14:33:52.199887" level="INFO">${headers} = {'Content-Type': 'application/json'}</msg>
[...]
<arg>200</arg>
<arg>${response}</arg>
<doc>Fails if response status code is different than the expected.</doc>
<status status="PASS" start="2026-04-29T14:33:53.918533" elapsed="0.000121"/>
</kw>
<kw name="Set Variable" owner="BuiltIn">
<msg time="2026-04-29T14:33:53.919161" level="INFO">${json} = {'status': 'reset'}</msg>
<var>${json}</var>
<arg>${response.json()}</arg>
<doc>Returns the given values which can then be assigned to a variables.</doc>
<status status="PASS" start="2026-04-29T14:33:53.918729" elapsed="0.000450"/>
</kw>
<kw name="Dictionary Should Contain Key" owner="Collections">
<arg>${json}</arg>
<arg>status</arg>
<doc>Fails if ``key`` is not found from ``dictionary``.</doc>
<status status="PASS" start="2026-04-29T14:33:53.919252" elapsed="0.000134"/>
</kw>
<kw name="Should Be Equal As Strings" owner="BuiltIn">
<arg>${json["status"]}</arg>
<arg>reset</arg>
<doc>Fails if objects are unequal after converting them to strings.</doc>
<status status="PASS" start="2026-04-29T14:33:53.919484" elapsed="0.000407"/>
</kw>
<doc>Sends a request to reset the entire simulator to its initial state.</doc>
<status status="PASS" start="2026-04-29T14:33:53.899084" elapsed="0.020859"/>
</kw>
<kw name="Get traffic for UE ${VALID_UE_ID_1} bearer ${VALID_BEARER_ID} should fail" source_name="Get traffic for UE ${ue_id} bearer ${bearer_id} should fail">
<kw name="GET On Session" owner="RequestsLibrary">
<msg time="2026-04-29T14:33:53.922777" level="INFO">GET Request : url=http://127.0.0.1:8000/ues/1/bearers/5/traffic 
 path_url=/ues/1/bearers/5/traffic 
 headers={'User-Agent': 'python-requests/2.33.1', 'Accept-Encoding': 'gzip, deflate, zstd', 'Accept': '*/*', 'Connection': 'keep-alive'} 
 body=None 
 </msg>
<msg time="2026-04-29T14:33:53.922814" level="INFO">GET Response : url=http://127.0.0.1:8000/ues/1/bearers/5/traffic 
 status=400, reason=Bad Request 
 headers={'date': 'Wed, 29 Apr 2026 12:33:53 GMT', 'server': 'uvicorn', 'content-length': '25', 'content-type': 'application/json'} 
 body={"detail":"UE not found"} 
 </msg>
<msg time="2026-04-29T14:33:53.922869" level="INFO">${response} = &lt;Response [400]&gt;</msg>
<var>${response}</var>
<arg>ue_api</arg>
<arg>/ues/${ue_id}/bearers/${bearer_id}/traffic</arg>
<arg>expected_status=any</arg>
<doc>Sends a GET request on a previously created HTTP Session.</doc>
<status status="PASS" start="2026-04-29T14:33:53.920523" elapsed="0.002361"/>
</kw>
<kw name="Should Be True" owner="BuiltIn">
<arg>${response.status_code} &gt;= 400</arg>
<doc>Fails if the given condition is not true.</doc>
<status status="PASS" start="2026-04-29T14:33:53.922968" elapsed="0.000570"/>
</kw>
<doc>Verifies that traffic endpoint returns error after reset.</doc>
<status status="PASS" start="2026-04-29T14:33:53.920276" elapsed="0.003302"/>
</kw>
<doc>Verify that after reset, any active traffic flow is terminated.</doc>
<status status="PASS" start="2026-04-29T14:33:53.845724" elapsed="0.077979"/>
</test>
<test id="s1-s7-t3" name="TC-046: Reset affects transport channels" line="37">
<kw name="Reset API State" type="SETUP">
<kw name="POST On Session" owner="RequestsLibrary">
<msg time="2026-04-29T14:33:53.926710" level="INFO">POST Request : url=http://127.0.0.1:8000/reset 
 path_url=/reset 
 headers={'User-Agent': 'python-requests/2.33.1', 'Accept-Encoding': 'gzip, deflate, zstd', 'Accept': '*/*', 'Connection': 'keep-alive', 'Content-Length': '0'} 
 body=None 
 </msg>
<msg time="2026-04-29T14:33:53.926766" level="INFO">POST Response : url=http://127.0.0.1:8000/reset 
 status=200, reason=OK 
 headers={'date': 'Wed, 29 Apr 2026 12:33:53 GMT', 'server': 'uvicorn', 'content-length': '18', 'content-type': 'application/json'} 
 body={"status":"reset"} 
 </msg>
<msg time="2026-04-29T14:33:53.926855" level="INFO">${response} = &lt;Response [200]&gt;</msg>
<var>${response}</var>
<arg>ue_api</arg>
<arg>/reset</arg>
<arg>expected_status=any</arg>
<doc>Sends a POST request on a previously created HTTP Session.</doc>
<status status="PASS" start="2026-04-29T14:33:53.924493" elapsed="0.002382"/>
</kw>
<kw name="Status Should Be" owner="RequestsLibrary">
<arg>200</arg>
<arg>${response}</arg>
<doc>Fails if response status code is different than the expected.</doc>
<status status="PASS" start="2026-04-29T14:33:53.926980" elapsed="0.000145"/>
</kw>
<doc>Reset backend state before each test</doc>
<status status="PASS" start="2026-04-29T14:33:53.924347" elapsed="0.002840"/>
</kw>
<kw name="Attach UE with ID ${VALID_UE_ID_1}" source_name="Attach UE with ID ${ue_id}">
<kw name="Prepare Json Headers">
<kw name="Create Dictionary" owner="BuiltIn">
<msg time="2026-04-29T14:33:53.928224" level="INFO">&amp;{headers} = { Content-Type=application/json }</msg>
<var>&amp;{headers}</var>
<arg>Content-Type=application/json</arg>
<doc>Creates and returns a dictionary based on the given ``items``.</doc>
<status status="PASS" start="2026-04-29T14:33:53.927994" elapsed="0.000251"/>
</kw>
<return>
<value>${headers}</value>
<status status="PASS" start="2026-04-29T14:33:53.928283" elapsed="0.000026"/>
</return>
<msg time="2026-04-29T14:33:53.928394" level="INFO">${headers} = {'Content-Type': 'application/json'}</msg>
<var>${headers}</var>
<doc>Prepare Json request headers</doc>
<status status="PASS" start="2026-04-29T14:33:53.927858" elapsed="0.000552"/>
</kw>
<kw name="Create Dictionary" owner="BuiltIn">
<msg time="2026-04-29T14:33:53.928760" level="INFO">&amp;{body} = { ue_id=1 }</msg>
<var>&amp;{body}</var>
<arg>ue_id=${ue_id}</arg>
<doc>Creates and returns a dictionary based on the given ``items``.</doc>
<status status="PASS" start="2026-04-29T14:33:53.928494" elapsed="0.000285"/>
</kw>
<kw name="POST On Session" owner="RequestsLibrary">
<msg time="2026-04-29T14:33:53.940080" level="INFO">POST Request : url=http://127.0.0.1:8000/ues 
 path_url=/ues 
 headers={'User-Agent': 'python-requests/2.33.1', 'Accept-Encoding': 'gzip, deflate, zstd', 'Accept': '*/*', 'Connection': 'keep-alive', 'Content-Type': 'application/json', 'Content-Length': '14'} 
 body=b'{"ue_id": "1"}' 
 </msg>
<msg time="2026-04-29T14:33:53.940123" level="INFO">POST Response : url=http://127.0.0.1:8000/ues 
 status=200, reason=OK 
 headers={'date': 'Wed, 29 Apr 2026 12:33:53 GMT', 'server': 'uvicorn', 'content-length': '31', 'content-type': 'application/json'} 
 body={"status":"attached","ue_id":1} 
 </msg>
<msg time="2026-04-29T14:33:53.940192" level="INFO">${response} = &lt;Response [200]&gt;</msg>
<var>${response}</var>
<arg>ue_api</arg>
<arg>/ues</arg>
<arg>json=${body}</arg>
<arg>headers=${headers}</arg>
<doc>Sends a POST request on a previously created HTTP Session.</doc>
<status status="PASS" start="2026-04-29T14:33:53.928863" elapsed="0.011346"/>
</kw>
<kw name="Status Should Be" owner="RequestsLibrary">
<arg>200</arg>
<arg>${response}</arg>
<doc>Fails if response status code is different than the expected.</doc>
<status status="PASS" start="2026-04-29T14:33:53.940319" elapsed="0.000122"/>
</kw>
<doc>Attach a new UE to the simulator</doc>
<status status="PASS" start="2026-04-29T14:33:53.927676" elapsed="0.012806"/>
</kw>
<kw name="Add bearer to UE ${VALID_UE_ID_1} with ID ${VALID_BEARER_ID}" source_name="Add bearer to UE ${ue_id} with ID ${bearer_id}">
<kw name="Prepare Json Headers">
<kw name="Create Dictionary" owner="BuiltIn">
<msg time="2026-04-29T14:33:53.946187" level="INFO">&amp;{headers} = { Content-Type=application/json }</msg>
<var>&amp;{headers}</var>
<arg>Content-Type=application/json</arg>
<doc>Creates and returns a dictionary based on the given ``items``.</doc>
<status status="PASS" start="2026-04-29T14:33:53.945870" elapsed="0.000342"/>
</kw>
<return>
<value>${headers}</value>
<status status="PASS" start="2026-04-29T14:33:53.946254" elapsed="0.000028"/>
</return>
<msg time="2026-04-29T14:33:53.946373" level="INFO">${headers} = {'Content-Type': 'application/json'}</msg>
<var>${headers}</var>
<doc>Prepare Json request headers</doc>
<status status="PASS" start="2026-04-29T14:33:53.945696" elapsed="0.000694"/>
</kw>
<kw name="Create Dictionary" owner="BuiltIn">
<msg time="2026-04-29T14:33:53.946740" level="INFO">&amp;{body} = { bearer_id=5 }</msg>
<var>&amp;{body}</var>
<arg>bearer_id=${bearer_id}</arg>
<doc>Creates and returns a dictionary based on the given ``items``.</doc>
<status status="PASS" start="2026-04-29T14:33:53.946496" elapsed="0.000262"/>
</kw>
<kw name="POST On Session" owner="RequestsLibrary">
<msg time="2026-04-29T14:33:53.957994" level="INFO">POST Request : url=http://127.0.0.1:8000/ues/1/bearers 
 path_url=/ues/1/bearers 
 headers={'User-Agent': 'python-requests/2.33.1', 'Accept-Encoding': 'gzip, deflate, zstd', 'Accept': '*/*', 'Connection': 'keep-alive', 'Content-Type': 'application/json', 'Content-Length': '18'} 
 body=b'{"bearer_id": "5"}' 
 </msg>
<msg time="2026-04-29T14:33:53.958044" level="INFO">POST Response : url=http://127.0.0.1:8000/ues/1/bearers 
 status=200, reason=OK 
 headers={'date': 'Wed, 29 Apr 2026 12:33:53 GMT', 'server': 'uvicorn', 'content-length': '49', 'content-type': 'application/json'} 
 body={"status":"bearer_added","ue_id":1,"bearer_id":5} 
 </msg>
<msg time="2026-04-29T14:33:53.958133" level="INFO">${response} = &lt;Response [200]&gt;</msg>
<var>${response}</var>
<arg>ue_api</arg>
<arg>/ues/${ue_id}/bearers</arg>
<arg>json=${body}</arg>
<arg>headers=${headers}</arg>
<doc>Sends a POST request on a previously created HTTP Session.</doc>
<status status="PASS" start="2026-04-29T14:33:53.946841" elapsed="0.011310"/>
</kw>
<kw name="Status Should Be" owner="RequestsLibrary">
<arg>200</arg>
<arg>${response}</arg>
<doc>Fails if response status code is different than the expected.</doc>
<status status="PASS" start="2026-04-29T14:33:53.958263" elapsed="0.000122"/>
</kw>
<doc>Add a bearer to a specific UE</doc>
<status status="PASS" start="2026-04-29T14:33:53.940780" elapsed="0.017644"/>
</kw>
<kw name="User verifies that bearer ${VALID_BEARER_ID} is present for UE ${VALID_UE_ID_1}" source_name="User verifies that bearer ${bearer_id} is present for UE ${ue_id}">
<kw name="GET On Session" owner="RequestsLibrary">
<msg time="2026-04-29T14:33:53.961286" level="INFO">GET Request : url=http://127.0.0.1:8000/ues/1 
 path_url=/ues/1 
 headers={'User-Agent': 'python-requests/2.33.1', 'Accept-Encoding': 'gzip, deflate, zstd', 'Accept': '*/*', 'Connection': 'keep-alive'} 
 body=None 
 </msg>
<msg time="2026-04-29T14:33:53.961322" level="INFO">GET Response : url=http://127.0.0.1:8000/ues/1 
 status=200, reason=OK 
 headers={'date': 'Wed, 29 Apr 2026 12:33:53 GMT', 'server': 'uvicorn', 'content-length': '172', 'content-type': 'application/json'} 
 body={"ue_id":1,"bearers":{"9":{"bearer_id":9,"protocol":null,"target_bps":null,"active":false},"5":{"bearer_id":5,"protocol":null,"target_bps":null,"active":false}},"stats":{}} 
 </msg>
<msg time="2026-04-29T14:33:53.961381" level="INFO">${response} = &lt;Response [200]&gt;</msg>
<var>${response}</var>
<arg>ue_api</arg>
<arg>/ues/${ue_id}</arg>
<doc>Sends a GET request on a previously created HTTP Session.</doc>
<status status="PASS" start="2026-04-29T14:33:53.958961" elapsed="0.002436"/>
</kw>
<kw name="Status Should Be" owner="RequestsLibrary">
<arg>200</arg>
<arg>${response}</arg>
<doc>Fails if response status code is different than the expected.</doc>
<status status="PASS" start="2026-04-29T14:33:53.961481" elapsed="0.000105"/>
</kw>
<kw name="Get From Dictionary" owner="Collections">
<msg time="2026-04-29T14:33:53.962022" level="INFO">${bearers} = {'9': {'bearer_id': 9, 'protocol': None, 'target_bps': None, 'active': False}, '5': {'bearer_id': 5, 'protocol': None, 'target_bps': None, 'active': False}}</msg>
<var>${bearers}</var>
<arg>${response.json()}</arg>
<arg>bearers</arg>
<doc>Returns a value from the given ``dictionary`` based on the given ``key``.</doc>
<status status="PASS" start="2026-04-29T14:33:53.961673" elapsed="0.000368"/>
</kw>
<kw name="Dictionary Should Contain Key" owner="Collections">
<arg>${bearers}</arg>
<arg>${bearer_id}</arg>
<doc>Fails if ``key`` is not found from ``dictionary``.</doc>
<status status="PASS" start="2026-04-29T14:33:53.962113" elapsed="0.000094"/>
</kw>
<doc>Verify that a bearer exists for a specific UE</doc>
<status status="PASS" start="2026-04-29T14:33:53.958743" elapsed="0.003498"/>
</kw>
<kw name="Reset simulator state">
<kw name="Prepare Json Headers">
<kw name="Create Dictionary" owner="BuiltIn">
<msg time="2026-04-29T14:33:53.962946" level="INFO">&amp;{headers} = { Content-Type=application/json }</msg>
<var>&amp;{headers}</var>
<arg>Content-Type=application/json</arg>
<doc>Creates and returns a dictionary based on the given ``items``.</doc>
<status status="PASS" start="2026-04-29T14:33:53.962741" elapsed="0.000223"/>
</kw>
<return>
<value>${headers}</value>
<status status="PASS" start="2026-04-29T14:33:53.962996" elapsed="0.000024"/>
</return>
<msg time="2026-04-29T14:33:53.963104" level="INFO">${headers} = {'Content-Type': 'application/json'}</msg>
<var>${headers}</var>
<doc>Prepare Json request headers</doc>
<status status="PASS" start="2026-04-29T14:33:53.962593" elapsed="0.000527"/>
</kw>
<kw name="POST On Session" owner="RequestsLibrary">
<msg time="2026-04-29T14:33:53.973795" level="INFO">POST Request : url=http://127.0.0.1:8000/reset 
 path_url=/reset 
 headers={'User-Agent': 'python-requests/2.33.1', 'Accept-Encoding': 'gzip, deflate, zstd', 'Accept': '*/*', 'Connection': 'keep-alive', 'Content-Type': 'application/json', 'Content-Length': '0'} 
 body=None 
 </msg>
<msg time="2026-04-29T14:33:53.973831" level="INFO">POST Response : url=http://127.0.0.1:8000/reset 
 status=200, reason=OK 
 headers={'date': 'Wed, 29 Apr 2026 12:33:53 GMT', 'server': 'uvicorn', 'content-length': '18', 'content-type': 'application/json'} 
 body={"status":"reset"} 
 </msg>
<msg time="2026-04-29T14:33:53.973887" level="INFO">${response} = &lt;Response [200]&gt;</msg>
<var>${response}</var>
<arg>ue_api</arg>
<arg>/reset</arg>
<arg>headers=${headers}</arg>
<arg>expected_status=any</arg>
<doc>Sends a POST request on a previously created HTTP Session.</doc>
<status status="PASS" start="2026-04-29T14:33:53.963256" elapsed="0.010646"/>
</kw>
<kw name="Status Should Be" owner="RequestsLibrary">
<arg>200</arg>
<arg>${response}</arg>
<doc>Fails if response status code is different than the expected.</doc>
<status status="PASS" start="2026-04-29T14:33:53.973988" elapsed="0.000102"/>
</kw>
<kw name="Set Variable" owner="BuiltIn">
<msg time="2026-04-29T14:33:53.974546" level="INFO">${json} = {'status': 'reset'}</msg>
<var>${json}</var>
<arg>${response.json()}</arg>
<doc>Returns the given values which can then be assigned to a variables.</doc>
<status status="PASS" start="2026-04-29T14:33:53.974163" elapsed="0.000400"/>
</kw>
<kw name="Dictionary Should Contain Key" owner="Collections">
<arg>${json}</arg>
<arg>status</arg>
<doc>Fails if ``key`` is not found from ``dictionary``.</doc>
<status status="PASS" start="2026-04-29T14:33:53.974634" elapsed="0.000082"/>
</kw>
<kw name="Should Be Equal As Strings" owner="BuiltIn">
<arg>${json["status"]}</arg>
<arg>reset</arg>
<doc>Fails if objects are unequal after converting them to strings.</doc>
<status status="PASS" start="2026-04-29T14:33:53.974779" elapsed="0.000342"/>
</kw>
<doc>Sends a request to reset the entire simulator to its initial state.</doc>
<status status="PASS" start="2026-04-29T14:33:53.962434" elapsed="0.012722"/>
</kw>
<kw name="Get bearers for UE ${VALID_UE_ID_1} should be empty" source_name="Get bearers for UE ${ue_id} should be empty">
<kw name="GET On Session" owner="RequestsLibrary">
<msg time="2026-04-29T14:33:53.978049" level="INFO">GET Request : url=http://127.0.0.1:8000/ues/1 
 path_url=/ues/1 
 headers={'User-Agent': 'python-requests/2.33.1', 'Accept-Encoding': 'gzip, deflate, zstd', 'Accept': '*/*', 'Connection': 'keep-alive'} 
 body=None 
 </msg>
<msg time="2026-04-29T14:33:53.978094" level="INFO">GET Response : url=http://127.0.0.1:8000/ues/1 
 status=400, reason=Bad Request 
 headers={'date': 'Wed, 29 Apr 2026 12:33:53 GMT', 'server': 'uvicorn', 'content-length': '25', 'content-type': 'application/json'} 
 body={"detail":"UE not found"} 
 </msg>
<msg time="2026-04-29T14:33:53.978162" level="INFO">${response} = &lt;Response [400]&gt;</msg>
<var>${response}</var>
<arg>ue_api</arg>
<arg>/ues/${ue_id}</arg>
<arg>expected_status=any</arg>
<doc>Sends a GET request on a previously created HTTP Session.</doc>
<status status="PASS" start="2026-04-29T14:33:53.975693" elapsed="0.002492"/>
</kw>
<kw name="Should Be Equal As Integers" owner="BuiltIn">
<msg time="2026-04-29T14:33:53.978724" level="INFO">Argument types are:
&lt;class 'int'&gt;
&lt;class 'str'&gt;</msg>
<arg>${response.status_code}</arg>
<arg>400</arg>
<doc>Fails if objects are unequal after converting them to integers.</doc>
<status status="PASS" start="2026-04-29T14:33:53.978300" elapsed="0.000466"/>
</kw>
<doc>Checks that after reset, UE returns 400 (no longer exists).</doc>
<status status="PASS" start="2026-04-29T14:33:53.975451" elapsed="0.003360"/>
</kw>
<doc>Verify that after reset, all bearers are removed for previously attached UEs.</doc>
<status status="PASS" start="2026-04-29T14:33:53.924009" elapsed="0.054963"/>
</test>
<doc>Functionality 9: Reset Simulator</doc>
<status status="PASS" start="2026-04-29T14:33:53.766186" elapsed="0.213144"/>
</suite>
<status status="FAIL" start="2026-04-29T14:33:51.090751" elapsed="2.889433"/>
</suite>
<statistics>
<total>
<stat pass="48" fail="7" skip="0">All Tests</stat>
</total>
<tag>
</tag>
<suite>
<stat name="Attach Ue To Network &amp; Detach Ue From Network &amp; Ue Traffic &amp; Add Transport Channel &amp; Check Connected Bearers &amp; Delete Transport Channel &amp; Functionality 9" id="s1" pass="48" fail="7" skip="0">Attach Ue To Network &amp; Detach Ue From Network &amp; Ue Traffic &amp; Add Transport Channel &amp; Check Connected Bearers &amp; Delete Transport Channel &amp; Functionality 9</stat>
<stat name="Attach Ue To Network" id="s1-s1" pass="8" fail="1" skip="0">Attach Ue To Network &amp; Detach Ue From Network &amp; Ue Traffic &amp; Add Transport Channel &amp; Check Connected Bearers &amp; Delete Transport Channel &amp; Functionality 9.Attach Ue To Network</stat>
<stat name="Detach Ue From Network" id="s1-s2" pass="7" fail="1" skip="0">Attach Ue To Network &amp; Detach Ue From Network &amp; Ue Traffic &amp; Add Transport Channel &amp; Check Connected Bearers &amp; Delete Transport Channel &amp; Functionality 9.Detach Ue From Network</stat>
<stat name="Ue Traffic" id="s1-s3" pass="15" fail="4" skip="0">Attach Ue To Network &amp; Detach Ue From Network &amp; Ue Traffic &amp; Add Transport Channel &amp; Check Connected Bearers &amp; Delete Transport Channel &amp; Functionality 9.Ue Traffic</stat>
<stat name="Add Transport Channel" id="s1-s4" pass="6" fail="0" skip="0">Attach Ue To Network &amp; Detach Ue From Network &amp; Ue Traffic &amp; Add Transport Channel &amp; Check Connected Bearers &amp; Delete Transport Channel &amp; Functionality 9.Add Transport Channel</stat>
<stat name="Check Connected Bearers" id="s1-s5" pass="2" fail="1" skip="0">Attach Ue To Network &amp; Detach Ue From Network &amp; Ue Traffic &amp; Add Transport Channel &amp; Check Connected Bearers &amp; Delete Transport Channel &amp; Functionality 9.Check Connected Bearers</stat>
<stat name="Delete Transport Channel" id="s1-s6" pass="7" fail="0" skip="0">Attach Ue To Network &amp; Detach Ue From Network &amp; Ue Traffic &amp; Add Transport Channel &amp; Check Connected Bearers &amp; Delete Transport Channel &amp; Functionality 9.Delete Transport Channel</stat>
<stat name="Functionality 9" id="s1-s7" pass="3" fail="0" skip="0">Attach Ue To Network &amp; Detach Ue From Network &amp; Ue Traffic &amp; Add Transport Channel &amp; Check Connected Bearers &amp; Delete Transport Channel &amp; Functionality 9.Functionality 9</stat>
</suite>
</statistics>
<errors>
</errors>
</robot>
